Log file open, 11/28/17 10:02:40
LogWindows: Failed to load 'aqProf.dll' (GetLastError=126)
LogWindows: File 'aqProf.dll' does not exist
LogWindows: Failed to load 'VSPerf140.dll' (GetLastError=126)
LogWindows: File 'VSPerf140.dll' does not exist
LogWindows: Failed to load 'VtuneApi.dll' (GetLastError=126)
LogWindows: File 'VtuneApi.dll' does not exist
LogWindows: Failed to load 'VtuneApi32e.dll' (GetLastError=126)
LogWindows: File 'VtuneApi32e.dll' does not exist
LogInit: Display: Running engine for game: VRTrialTwo
LogPlatformFile: Not using cached read wrapper
LogInit: Display: RandInit(-933728654) SRandInit(-933728654).
LogInit: Read version file with build ID '3709383'
LogInit: Overriding engine version to CL 3754814, compatible CL 3709383
LogInit: Registered custom module enumerator with build ID '3709383'
LogTaskGraph: Started task graph with 5 named threads and 11 total threads with 3 sets of task threads.
LogStats: Stats thread started at 0.234151
LogD3D11RHI: Aftermath initialized
LogModuleManager: Display: Found up-to-date module file ../../../Engine/Plugins/2D/Paper2D/Binaries/Win64/UE4Editor-Paper2D.dll (API version 3709383).
LogModuleManager: Display: Found up-to-date module file ../../../Engine/Plugins/2D/Paper2D/Binaries/Win64/UE4Editor-Paper2DEditor.dll (API version 3709383).
LogModuleManager: Display: Found up-to-date module file ../../../Engine/Plugins/2D/Paper2D/Binaries/Win64/UE4Editor-PaperSpriteSheetImporter.dll (API version 3709383).
LogModuleManager: Display: Found up-to-date module file ../../../Engine/Plugins/2D/Paper2D/Binaries/Win64/UE4Editor-PaperTiledImporter.dll (API version 3709383).
LogModuleManager: Display: Found up-to-date module file ../../../Engine/Plugins/2D/Paper2D/Binaries/Win64/UE4Editor-SmartSnapping.dll (API version 3709383).
LogModuleManager: Display: Found up-to-date module file ../../../Engine/Plugins/Blendables/LightPropagationVolume/Binaries/Win64/UE4Editor-LightPropagationVolumeRuntime.dll (API version 3709383).
LogModuleManager: Display: Found up-to-date module file ../../../Engine/Plugins/Blendables/LightPropagationVolume/Binaries/Win64/UE4Editor-LightPropagationVolumeEditor.dll (API version 3709383).
LogModuleManager: Display: Found up-to-date module file ../../../Engine/Plugins/Developer/GitSourceControl/Binaries/Win64/UE4Editor-GitSourceControl.dll (API version 3709383).
LogModuleManager: Display: Found up-to-date module file ../../../Engine/Plugins/Developer/PerforceSourceControl/Binaries/Win64/UE4Editor-PerforceSourceControl.dll (API version 3709383).
LogModuleManager: Display: Found up-to-date module file ../../../Engine/Plugins/Developer/SubversionSourceControl/Binaries/Win64/UE4Editor-SubversionSourceControl.dll (API version 3709383).
LogModuleManager: Display: Found up-to-date module file ../../../Engine/Plugins/Developer/UObjectPlugin/Binaries/Win64/UE4Editor-UObjectPlugin.dll (API version 3709383).
LogModuleManager: Display: Found up-to-date module file ../../../Engine/Plugins/Developer/VisualStudioCodeSourceCodeAccess/Binaries/Win64/UE4Editor-VisualStudioCodeSourceCodeAccess.dll (API version 3709383).
LogModuleManager: Display: Found up-to-date module file ../../../Engine/Plugins/Developer/VisualStudioSourceCodeAccess/Binaries/Win64/UE4Editor-VisualStudioSourceCodeAccess.dll (API version 3709383).
LogModuleManager: Display: Found up-to-date module file ../../../Engine/Plugins/Editor/AssetManagerEditor/Binaries/Win64/UE4Editor-AssetManagerEditor.dll (API version 3709383).
LogModuleManager: Display: Found up-to-date module file ../../../Engine/Plugins/Editor/AudioCapture/Binaries/Win64/UE4Editor-AudioCapture.dll (API version 3709383).
LogModuleManager: Display: Found up-to-date module file ../../../Engine/Plugins/Editor/FacialAnimation/Binaries/Win64/UE4Editor-FacialAnimation.dll (API version 3709383).
LogModuleManager: Display: Found up-to-date module file ../../../Engine/Plugins/Editor/FacialAnimation/Binaries/Win64/UE4Editor-FacialAnimationEditor.dll (API version 3709383).
LogModuleManager: Display: Found up-to-date module file ../../../Engine/Plugins/Editor/GameplayTagsEditor/Binaries/Win64/UE4Editor-GameplayTagsEditor.dll (API version 3709383).
LogModuleManager: Display: Found up-to-date module file ../../../Engine/Plugins/Editor/MobileLauncherProfileWizard/Binaries/Win64/UE4Editor-MobileLauncherProfileWizard.dll (API version 3709383).
LogModuleManager: Display: Found up-to-date module file ../../../Engine/Plugins/Editor/PluginBrowser/Binaries/Win64/UE4Editor-PluginBrowser.dll (API version 3709383).
LogModuleManager: Display: Found up-to-date module file ../../../Engine/Plugins/Editor/SpeedTreeImporter/Binaries/Win64/UE4Editor-SpeedTreeImporter.dll (API version 3709383).
LogModuleManager: Display: Found up-to-date module file ../../../Engine/Plugins/Experimental/AlembicImporter/Binaries/Win64/UE4Editor-AlembicImporter.dll (API version 3709383).
LogModuleManager: Display: Found up-to-date module file ../../../Engine/Plugins/Experimental/AlembicImporter/Binaries/Win64/UE4Editor-AlembicLibrary.dll (API version 3709383).
LogModuleManager: Display: Found up-to-date module file ../../../Engine/Plugins/Experimental/CharacterAI/Binaries/Win64/UE4Editor-CharacterAI.dll (API version 3709383).
LogModuleManager: Display: Found up-to-date module file ../../../Engine/Plugins/Experimental/HTML5Networking/Binaries/Win64/UE4Editor-HTML5Networking.dll (API version 3709383).
LogModuleManager: Display: Found up-to-date module file ../../../Engine/Plugins/Media/AndroidMedia/Binaries/Win64/UE4Editor-AndroidMediaEditor.dll (API version 3709383).
LogModuleManager: Display: Found up-to-date module file ../../../Engine/Plugins/Media/AndroidMedia/Binaries/Win64/UE4Editor-AndroidMediaFactory.dll (API version 3709383).
LogModuleManager: Display: Found up-to-date module file ../../../Engine/Plugins/Media/AvfMedia/Binaries/Win64/UE4Editor-AvfMediaEditor.dll (API version 3709383).
LogModuleManager: Display: Found up-to-date module file ../../../Engine/Plugins/Media/AvfMedia/Binaries/Win64/UE4Editor-AvfMediaFactory.dll (API version 3709383).
LogModuleManager: Display: Found up-to-date module file ../../../Engine/Plugins/Media/AvfMedia/Binaries/Win64/UE4Editor-AvfMediaFactory.dll (API version 3709383).
LogModuleManager: Display: Found up-to-date module file ../../../Engine/Plugins/Media/ImgMedia/Binaries/Win64/UE4Editor-ImgMedia.dll (API version 3709383).
LogModuleManager: Display: Found up-to-date module file ../../../Engine/Plugins/Media/ImgMedia/Binaries/Win64/UE4Editor-ImgMediaEditor.dll (API version 3709383).
LogModuleManager: Display: Found up-to-date module file ../../../Engine/Plugins/Media/ImgMedia/Binaries/Win64/UE4Editor-ImgMediaFactory.dll (API version 3709383).
LogModuleManager: Display: Found up-to-date module file ../../../Engine/Plugins/Media/ImgMedia/Binaries/Win64/UE4Editor-ImgMediaFactory.dll (API version 3709383).
LogModuleManager: Display: Found up-to-date module file ../../../Engine/Plugins/Media/ImgMedia/Binaries/Win64/UE4Editor-OpenExrWrapper.dll (API version 3709383).
LogModuleManager: Display: Found up-to-date module file ../../../Engine/Plugins/Media/MediaCompositing/Binaries/Win64/UE4Editor-MediaCompositing.dll (API version 3709383).
LogModuleManager: Display: Found up-to-date module file ../../../Engine/Plugins/Media/MediaCompositing/Binaries/Win64/UE4Editor-MediaCompositingEditor.dll (API version 3709383).
LogModuleManager: Display: Found up-to-date module file ../../../Engine/Plugins/Media/MediaPlayerEditor/Binaries/Win64/UE4Editor-MediaPlayerEditor.dll (API version 3709383).
LogModuleManager: Display: Found up-to-date module file ../../../Engine/Plugins/Media/WmfMedia/Binaries/Win64/UE4Editor-WmfMedia.dll (API version 3709383).
LogModuleManager: Display: Found up-to-date module file ../../../Engine/Plugins/Media/WmfMedia/Binaries/Win64/UE4Editor-WmfMediaEditor.dll (API version 3709383).
LogModuleManager: Display: Found up-to-date module file ../../../Engine/Plugins/Media/WmfMedia/Binaries/Win64/UE4Editor-WmfMediaFactory.dll (API version 3709383).
LogModuleManager: Display: Found up-to-date module file ../../../Engine/Plugins/Media/WmfMedia/Binaries/Win64/UE4Editor-WmfMediaFactory.dll (API version 3709383).
LogModuleManager: Display: Found up-to-date module file ../../../Engine/Plugins/Messaging/TcpMessaging/Binaries/Win64/UE4Editor-TcpMessaging.dll (API version 3709383).
LogModuleManager: Display: Found up-to-date module file ../../../Engine/Plugins/Messaging/UdpMessaging/Binaries/Win64/UE4Editor-UdpMessaging.dll (API version 3709383).
LogModuleManager: Display: Found up-to-date module file ../../../Engine/Plugins/MovieScene/ActorSequence/Binaries/Win64/UE4Editor-ActorSequence.dll (API version 3709383).
LogModuleManager: Display: Found up-to-date module file ../../../Engine/Plugins/MovieScene/LevelSequenceEditor/Binaries/Win64/UE4Editor-LevelSequenceEditor.dll (API version 3709383).
LogModuleManager: Display: Found up-to-date module file ../../../Engine/Plugins/MovieScene/MatineeToLevelSequence/Binaries/Win64/UE4Editor-MatineeToLevelSequence.dll (API version 3709383).
LogModuleManager: Display: Found up-to-date module file ../../../Engine/Plugins/Online/OnlineSubsystem/Binaries/Win64/UE4Editor-OnlineSubsystem.dll (API version 3709383).
LogModuleManager: Display: Found up-to-date module file ../../../Engine/Plugins/Runtime/AndroidPermission/Binaries/Win64/UE4Editor-AndroidPermission.dll (API version 3709383).
LogModuleManager: Display: Found up-to-date module file ../../../Engine/Plugins/Online/OnlineSubsystemNull/Binaries/Win64/UE4Editor-OnlineSubsystemNull.dll (API version 3709383).
LogModuleManager: Display: Found up-to-date module file ../../../Engine/Plugins/Online/OnlineSubsystemUtils/Binaries/Win64/UE4Editor-OnlineSubsystemUtils.dll (API version 3709383).
LogModuleManager: Display: Found up-to-date module file ../../../Engine/Plugins/Online/OnlineSubsystemUtils/Binaries/Win64/UE4Editor-OnlineBlueprintSupport.dll (API version 3709383).
LogModuleManager: Display: Found up-to-date module file ../../../Engine/Plugins/Runtime/AndroidDeviceProfileSelector/Binaries/Win64/UE4Editor-AndroidDeviceProfileSelector.dll (API version 3709383).
LogModuleManager: Display: Found up-to-date module file ../../../Engine/Plugins/Runtime/AppleARKit/Binaries/Win64/UE4Editor-AppleARKit.dll (API version 3709383).
LogModuleManager: Display: Found up-to-date module file ../../../Engine/Plugins/Runtime/ArchVisCharacter/Binaries/Win64/UE4Editor-ArchVisCharacter.dll (API version 3709383).
LogModuleManager: Display: Found up-to-date module file ../../../Engine/Plugins/Runtime/CableComponent/Binaries/Win64/UE4Editor-CableComponent.dll (API version 3709383).
LogModuleManager: Display: Found up-to-date module file ../../../Engine/Plugins/Runtime/CustomMeshComponent/Binaries/Win64/UE4Editor-CustomMeshComponent.dll (API version 3709383).
LogModuleManager: Display: Found up-to-date module file ../../../Engine/Plugins/Runtime/ExampleDeviceProfileSelector/Binaries/Win64/UE4Editor-ExampleDeviceProfileSelector.dll (API version 3709383).
LogModuleManager: Display: Found up-to-date module file ../../../Engine/Plugins/Runtime/ImmediatePhysics/Binaries/Win64/UE4Editor-ImmediatePhysics.dll (API version 3709383).
LogModuleManager: Display: Found up-to-date module file ../../../Engine/Plugins/Runtime/ImmediatePhysics/Binaries/Win64/UE4Editor-ImmediatePhysicsEditor.dll (API version 3709383).
LogModuleManager: Display: Found up-to-date module file ../../../Engine/Plugins/Runtime/LocationServicesBPLibrary/Binaries/Win64/UE4Editor-LocationServicesBPLibrary.dll (API version 3709383).
LogModuleManager: Display: Found up-to-date module file ../../../Engine/Plugins/Runtime/MobilePatchingUtils/Binaries/Win64/UE4Editor-MobilePatchingUtils.dll (API version 3709383).
LogModuleManager: Display: Found up-to-date module file ../../../Engine/Plugins/Runtime/Oculus/OculusVR/Binaries/Win64/UE4Editor-OculusHMD.dll (API version 3709383).
LogModuleManager: Display: Found up-to-date module file ../../../Engine/Plugins/Runtime/Oculus/OculusVR/Binaries/Win64/UE4Editor-OculusInput.dll (API version 3709383).
LogModuleManager: Display: Found up-to-date module file ../../../Engine/Plugins/Runtime/Oculus/OculusVR/Binaries/Win64/UE4Editor-OculusEditor.dll (API version 3709383).
LogModuleManager: Display: Found up-to-date module file ../../../Engine/Plugins/Runtime/PhysXVehicles/Binaries/Win64/UE4Editor-PhysXVehicles.dll (API version 3709383).
LogModuleManager: Display: Found up-to-date module file ../../../Engine/Plugins/Runtime/PhysXVehicles/Binaries/Win64/UE4Editor-PhysXVehiclesEditor.dll (API version 3709383).
LogModuleManager: Display: Found up-to-date module file ../../../Engine/Plugins/Runtime/ProceduralMeshComponent/Binaries/Win64/UE4Editor-ProceduralMeshComponent.dll (API version 3709383).
LogModuleManager: Display: Found up-to-date module file ../../../Engine/Plugins/Runtime/ProceduralMeshComponent/Binaries/Win64/UE4Editor-ProceduralMeshComponentEditor.dll (API version 3709383).
LogModuleManager: Display: Found up-to-date module file ../../../Engine/Plugins/Runtime/RuntimePhysXCooking/Binaries/Win64/UE4Editor-RuntimePhysXCooking.dll (API version 3709383).
LogModuleManager: Display: Found up-to-date module file ../../../Engine/Plugins/Runtime/Steam/SteamVR/Binaries/Win64/UE4Editor-SteamVR.dll (API version 3709383).
LogModuleManager: Display: Found up-to-date module file ../../../Engine/Plugins/Runtime/Steam/SteamVR/Binaries/Win64/UE4Editor-SteamVRController.dll (API version 3709383).
LogModuleManager: Display: Found up-to-date module file ../../../Engine/Plugins/Runtime/WindowsMoviePlayer/Binaries/Win64/UE4Editor-WindowsMoviePlayer.dll (API version 3709383).
LogPluginManager: Mounting plugin Paper2D
LogPluginManager: Mounting plugin LightPropagationVolume
LogPluginManager: Mounting plugin CodeLiteSourceCodeAccess
LogPluginManager: Mounting plugin GitSourceControl
LogPluginManager: Mounting plugin KDevelopSourceCodeAccess
LogPluginManager: Mounting plugin NullSourceCodeAccess
LogPluginManager: Mounting plugin PerforceSourceControl
LogPluginManager: Mounting plugin SubversionSourceControl
LogPluginManager: Mounting plugin UObjectPlugin
LogPluginManager: Mounting plugin VisualStudioCodeSourceCodeAccess
LogPluginManager: Mounting plugin VisualStudioSourceCodeAccess
LogPluginManager: Mounting plugin XCodeSourceCodeAccess
LogPluginManager: Mounting plugin AssetManagerEditor
LogPluginManager: Mounting plugin AudioCapture
LogPluginManager: Mounting plugin FacialAnimation
LogPluginManager: Mounting plugin GameplayTagsEditor
LogPluginManager: Mounting plugin MobileLauncherProfileWizard
LogPluginManager: Mounting plugin PluginBrowser
LogPluginManager: Mounting plugin SpeedTreeImporter
LogPluginManager: Mounting plugin AlembicImporter
LogPluginManager: Mounting plugin CharacterAI
LogPluginManager: Mounting plugin HTML5Networking
LogPluginManager: Mounting plugin AndroidMedia
LogPluginManager: Mounting plugin AvfMedia
LogPluginManager: Mounting plugin ImgMedia
LogPluginManager: Mounting plugin MediaCompositing
LogPluginManager: Mounting plugin MediaPlayerEditor
LogPluginManager: Mounting plugin WmfMedia
LogPluginManager: Mounting plugin TcpMessaging
LogPluginManager: Mounting plugin UdpMessaging
LogPluginManager: Mounting plugin ActorSequence
LogPluginManager: Mounting plugin LevelSequenceEditor
LogPluginManager: Mounting plugin MatineeToLevelSequence
LogPluginManager: Mounting plugin OnlineSubsystemGooglePlay
LogPluginManager: Mounting plugin OnlineSubsystemIOS
LogPluginManager: Mounting plugin OnlineSubsystem
LogPluginManager: Mounting plugin OnlineSubsystemNull
LogPluginManager: Mounting plugin OnlineSubsystemUtils
LogPluginManager: Mounting plugin AndroidDeviceProfileSelector
LogPluginManager: Mounting plugin AndroidMoviePlayer
LogPluginManager: Mounting plugin AndroidPermission
LogPluginManager: Mounting plugin AppleARKit
LogPluginManager: Mounting plugin AppleMoviePlayer
LogPluginManager: Mounting plugin ArchVisCharacter
LogPluginManager: Mounting plugin CableComponent
LogPluginManager: Mounting plugin CustomMeshComponent
LogPluginManager: Mounting plugin ExampleDeviceProfileSelector
LogPluginManager: Mounting plugin GoogleCloudMessaging
LogPluginManager: Mounting plugin ImmediatePhysics
LogPluginManager: Mounting plugin IOSDeviceProfileSelector
LogPluginManager: Mounting plugin LinuxDeviceProfileSelector
LogPluginManager: Mounting plugin LocationServicesBPLibrary
LogPluginManager: Mounting plugin MobilePatchingUtils
LogPluginManager: Mounting plugin OculusVR
LogPluginManager: Plugin shader directory ../../../Engine/Plugins/Runtime/Oculus/OculusVR/Shaders found
LogPluginManager: Mapping shader source directory ../../../Engine/Plugins/Runtime/Oculus/OculusVR/Shaders to virtual directory /Plugin/OculusVR
LogPluginManager: Mounting plugin PhysXVehicles
LogPluginManager: Mounting plugin ProceduralMeshComponent
LogPluginManager: Mounting plugin RuntimePhysXCooking
LogPluginManager: Mounting plugin SteamVR
LogPluginManager: Mounting plugin WindowsMoviePlayer
LogInit: Using libcurl 7.47.1
LogInit:  - built for x86_64-pc-win32
LogInit:  - supports SSL with OpenSSL/1.0.2g
LogInit:  - supports HTTP deflate (compression) using libz 1.2.8
LogInit:  - other features:
LogInit:      CURL_VERSION_SSL
LogInit:      CURL_VERSION_LIBZ
LogInit:      CURL_VERSION_IPV6
LogInit:      CURL_VERSION_ASYNCHDNS
LogInit:      CURL_VERSION_LARGEFILE
LogInit:      CURL_VERSION_IDN
LogInit:  CurlRequestOptions (configurable via config and command line):
LogInit:  - bVerifyPeer = false  - Libcurl will NOT verify peer certificate
LogInit:  - bUseHttpProxy = false  - Libcurl will NOT use HTTP proxy
LogInit:  - bDontReuseConnections = false  - Libcurl will reuse connections
LogInit:  - CertBundlePath = nullptr  - Libcurl will use whatever was configured at build time.
LogInit: Build: ++UE4+Release-4.18-CL-3754814
LogInit: Engine Version: 4.18.1-3754814+++UE4+Release-4.18
LogInit: Compatible Engine Version: 4.18.0-3709383+++UE4+Release-4.18
LogInit: Net CL: 3709383
LogDevObjectVersion: Number of dev versions registered: 16
LogDevObjectVersion:   Dev-Blueprints (B0D832E4-1F89-4F0D-ACCF-7EB736FD4AA2): 10
LogDevObjectVersion:   Dev-Build (E1C64328-A22C-4D53-A36C-8E866417BD8C): 0
LogDevObjectVersion:   Dev-Core (375EC13C-06E4-48FB-B500-84F0262A717E): 2
LogDevObjectVersion:   Dev-Editor (E4B068ED-F494-42E9-A231-DA0B2E46BB41): 20
LogDevObjectVersion:   Dev-Framework (CFFC743F-43B0-4480-9391-14DF171D2073): 30
LogDevObjectVersion:   Dev-Mobile (B02B49B5-BB20-44E9-A304-32B752E40360): 0
LogDevObjectVersion:   Dev-Networking (A4E4105C-59A1-49B5-A7C5-40C4547EDFEE): 0
LogDevObjectVersion:   Dev-Online (39C831C9-5AE6-47DC-9A44-9C173E1C8E7C): 0
LogDevObjectVersion:   Dev-Physics (78F01B33-EBEA-4F98-B9B4-84EACCB95AA2): 0
LogDevObjectVersion:   Dev-Platform (6631380F-2D4D-43E0-8009-CF276956A95A): 0
LogDevObjectVersion:   Dev-Rendering (12F88B9F-8875-4AFC-A67C-D90C383ABD29): 20
LogDevObjectVersion:   Dev-Sequencer (7B5AE74C-D270-4C10-A958-57980B212A5A): 4
LogDevObjectVersion:   Dev-VR (D7296918-1DD6-4BDD-9DE2-64A83CC13884): 0
LogDevObjectVersion:   Dev-LoadTimes (C2A15278-BFE7-4AFE-6C17-90FF531DF755): 1
LogDevObjectVersion:   Private-Geometry (6EACA3D4-40EC-4CC1-B786-8BED09428FC5): 1
LogDevObjectVersion:   Dev-AnimPhys (29E575DD-E0A3-4627-9D10-D276232CDCEA): 12
LogInit: Compiled (64-bit): Nov 14 2017 02:05:55
LogInit: Compiled with Visual C++: 19.00.24215.01
LogInit: Build Configuration: Development
LogInit: Branch Name: ++UE4+Release-4.18
LogInit: Command line: -EpicPortal 
LogInit: Base directory: C:/Program Files/Epic Games/UE_4.18/Engine/Binaries/Win64/
LogInit: Installed Engine Build: 1
LogInit: Presizing for max 8388607 objects, including 0 objects not considered by GC, pre-allocating 0 bytes for permanent pool.
LogInit: Object subsystem initialized
[2017.11.28-17.02.43:059][  0]LogInit: Selected Device Profile: [Windows]
[2017.11.28-17.02.43:059][  0]LogInit: Applying CVar settings loaded from the selected device profile: [Windows]
[2017.11.28-17.02.43:082][  0]LogInit: Computer: DESKTOP-2NSGK8G
[2017.11.28-17.02.43:082][  0]LogInit: User: iking
[2017.11.28-17.02.43:082][  0]LogInit: CPU Page size=4096, Cores=3
[2017.11.28-17.02.43:082][  0]LogInit: High frequency timer resolution =3.433592 MHz
[2017.11.28-17.02.43:083][  0]LogMemory: Memory total: Physical=16.0GB (16GB approx)
[2017.11.28-17.02.43:083][  0]LogMemory: Platform Memory Stats for Windows
[2017.11.28-17.02.43:083][  0]LogMemory: Process Physical Memory: 272.05 MB used, 272.05 MB peak
[2017.11.28-17.02.43:083][  0]LogMemory: Process Virtual Memory: 269.27 MB used, 269.27 MB peak
[2017.11.28-17.02.43:083][  0]LogMemory: Physical Memory: 7845.85 MB used,  8502.77 MB free, 16348.62 MB total
[2017.11.28-17.02.43:083][  0]LogMemory: Virtual Memory: 642.12 MB used,  8502.77 MB free, 134217728.00 MB total
[2017.11.28-17.02.43:384][  0]LogInit: Using OS detected language (en-US).
[2017.11.28-17.02.43:384][  0]LogInit: Using OS detected locale (en-US).
[2017.11.28-17.02.43:389][  0]LogTextLocalizationManager: No specific localization for 'en-US' exists, so the 'en' localization will be used.
[2017.11.28-17.02.43:986][  0]LogInit: Setting process to per monitor DPI aware
[2017.11.28-17.02.44:415][  0]LogD3D11RHI: D3D11 adapters:
[2017.11.28-17.02.44:440][  0]LogD3D11RHI:    0. 'AMD Radeon R9 200 Series' (Feature Level 11_0)
[2017.11.28-17.02.44:440][  0]LogD3D11RHI:       3051/0/8174 MB DedicatedVideo/DedicatedSystem/SharedSystem, Outputs:2, VendorId:0x1002
[2017.11.28-17.02.44:442][  0]LogD3D11RHI:    1. 'Microsoft Basic Render Driver' (Feature Level 11_0)
[2017.11.28-17.02.44:442][  0]LogD3D11RHI:       0/0/8174 MB DedicatedVideo/DedicatedSystem/SharedSystem, Outputs:0, VendorId:0x1414
[2017.11.28-17.02.44:442][  0]LogD3D11RHI: Chosen D3D11 Adapter: 0
[2017.11.28-17.02.44:450][  0]LogD3D11RHI: Creating new Direct3DDevice
[2017.11.28-17.02.44:450][  0]LogD3D11RHI:     GPU DeviceId: 0x6798 (for the marketing name, search the web for "GPU Device Id")
[2017.11.28-17.02.44:450][  0]LogWindows: EnumDisplayDevices:
[2017.11.28-17.02.44:450][  0]LogWindows:    0. 'AMD Radeon R9 200 Series' (P:1 D:1)
[2017.11.28-17.02.44:451][  0]LogWindows:    1. 'AMD Radeon R9 200 Series' (P:0 D:1)
[2017.11.28-17.02.44:451][  0]LogWindows:    2. 'AMD Radeon R9 200 Series' (P:0 D:0)
[2017.11.28-17.02.44:451][  0]LogWindows:    3. 'AMD Radeon R9 200 Series' (P:0 D:0)
[2017.11.28-17.02.44:452][  0]LogWindows:    4. 'AMD Radeon R9 200 Series' (P:0 D:0)
[2017.11.28-17.02.44:452][  0]LogWindows:    5. 'AMD Radeon R9 200 Series' (P:0 D:0)
[2017.11.28-17.02.44:452][  0]LogWindows: DebugString: FoundDriverCount:6 
[2017.11.28-17.02.44:452][  0]LogD3D11RHI:     Adapter Name: AMD Radeon R9 200 Series
[2017.11.28-17.02.44:452][  0]LogD3D11RHI:   Driver Version: Crimson ReLive 17.7.2 (internal:22.19.662.4, unified:22.19.662.4)
[2017.11.28-17.02.44:452][  0]LogD3D11RHI:      Driver Date: 7-20-2017
[2017.11.28-17.02.44:452][  0]LogRHI: Texture pool is 2136 MB (70% of 3051 MB)
[2017.11.28-17.02.44:492][  0]LogD3D11RHI: Async texture creation enabled
[2017.11.28-17.02.44:506][  0]LogD3D11RHI: GPU Timing Frequency: 27.000000 (Debug: 2 1)
[2017.11.28-17.02.44:507][  0]LogShaderCompilers: Guid format shader working directory is -56 characters bigger than the processId version (../../../../../../Users/iking/Documents/Unreal Projects/Masked Entertainment/PillowsOfLove/VRTrialTwo/Intermediate/Shaders/WorkingDirectory/10456/).
[2017.11.28-17.02.44:507][  0]LogShaderCompilers: Cleaned the shader compiler working directory 'C:/Users/iking/AppData/Local/Temp/UnrealShaderWorkingDir/B8CB116E45EFF9D535F367940C93B3B1/'.
[2017.11.28-17.02.44:507][  0]LogShaderCompilers: Display: Using Local Shader Compiler.
[2017.11.28-17.02.46:103][  0]LogTemp: Display: Loaded TP AllDesktopTargetPlatform
[2017.11.28-17.02.46:200][  0]LogTemp: Display: Loaded TP MacClientTargetPlatform
[2017.11.28-17.02.46:296][  0]LogTemp: Display: Loaded TP MacNoEditorTargetPlatform
[2017.11.28-17.02.46:392][  0]LogTemp: Display: Loaded TP MacServerTargetPlatform
[2017.11.28-17.02.46:486][  0]LogTemp: Display: Loaded TP MacTargetPlatform
[2017.11.28-17.02.46:581][  0]LogTemp: Display: Loaded TP WindowsClientTargetPlatform
[2017.11.28-17.02.46:681][  0]LogTemp: Display: Loaded TP WindowsNoEditorTargetPlatform
[2017.11.28-17.02.46:783][  0]LogTemp: Display: Loaded TP WindowsServerTargetPlatform
[2017.11.28-17.02.46:867][  0]LogTemp: Display: Loaded TP WindowsTargetPlatform
[2017.11.28-17.02.46:962][  0]LogTemp: Display: Loaded TP Android_ASTCTargetPlatform
[2017.11.28-17.02.47:061][  0]LogTemp: Display: Loaded TP Android_ATCTargetPlatform
[2017.11.28-17.02.47:173][  0]LogTemp: Display: Loaded TP Android_DXTTargetPlatform
[2017.11.28-17.02.47:273][  0]LogTemp: Display: Loaded TP Android_ETC1TargetPlatform
[2017.11.28-17.02.47:375][  0]LogTemp: Display: Loaded TP Android_ETC2TargetPlatform
[2017.11.28-17.02.47:581][  0]LogTemp: Display: Loaded TP Android_MultiTargetPlatform
[2017.11.28-17.02.47:581][  0]LogTemp: Display: Loaded TP Android_PVRTCTargetPlatform
[2017.11.28-17.02.47:687][  0]LogTemp: Display: Loaded TP AndroidTargetPlatform
[2017.11.28-17.02.47:777][  0]LogTemp: Display: Loaded TP HTML5TargetPlatform
[2017.11.28-17.02.47:929][  0]LogTemp: Display: Loaded TP IOSTargetPlatform
[2017.11.28-17.02.47:978][  0]LogTemp: Display: Loaded TP TVOSTargetPlatform
[2017.11.28-17.02.48:075][  0]LogTemp: Display: Loaded TP LinuxClientTargetPlatform
[2017.11.28-17.02.48:166][  0]LogTemp: Display: Loaded TP LinuxNoEditorTargetPlatform
[2017.11.28-17.02.48:261][  0]LogTemp: Display: Loaded TP LinuxServerTargetPlatform
[2017.11.28-17.02.48:361][  0]LogTemp: Display: Loaded TP LinuxTargetPlatform
[2017.11.28-17.02.48:361][  0]LogTargetPlatformManager: Display: Building Assets For Windows
[2017.11.28-17.02.49:389][  0]LogDerivedDataCache: Display: Max Cache Size: 512 MB
[2017.11.28-17.02.49:569][  0]LogDerivedDataCache: Loaded boot cache 0.18s 79MB C:/Users/iking/AppData/Local/UnrealEngine/4.18/DerivedDataCache/Boot.ddc.
[2017.11.28-17.02.49:569][  0]LogDerivedDataCache: Display: Loaded Boot cache: C:/Users/iking/AppData/Local/UnrealEngine/4.18/DerivedDataCache/Boot.ddc
[2017.11.28-17.02.49:569][  0]LogDerivedDataCache: FDerivedDataBackendGraph:  Pak pak cache file ../../../../../../Users/iking/Documents/Unreal Projects/Masked Entertainment/PillowsOfLove/VRTrialTwo/DerivedDataCache/DDC.ddp not found, will not use a pak cache.
[2017.11.28-17.02.49:569][  0]LogDerivedDataCache: Unable to find inner node Pak for hierarchical cache Hierarchy.
[2017.11.28-17.02.49:569][  0]LogDerivedDataCache: FDerivedDataBackendGraph:  CompressedPak pak cache file ../../../../../../Users/iking/Documents/Unreal Projects/Masked Entertainment/PillowsOfLove/VRTrialTwo/DerivedDataCache/Compressed.ddp not found, will not use a pak cache.
[2017.11.28-17.02.49:569][  0]LogDerivedDataCache: Unable to find inner node CompressedPak for hierarchical cache Hierarchy.
[2017.11.28-17.02.49:600][  0]LogDerivedDataCache: Display: Pak cache opened for reading ../../../Engine/DerivedDataCache/Compressed.ddp.
[2017.11.28-17.02.49:613][  0]LogDerivedDataCache: Using Local data cache path C:/Users/iking/AppData/Local/UnrealEngine/Common/DerivedDataCache: Writable
[2017.11.28-17.02.49:634][  0]LogMaterial: Verifying Global Shaders for PCD3D_SM5
[2017.11.28-17.02.49:634][  0]LogSlate: Using Freetype 2.6.0
[2017.11.28-17.02.49:635][  0]LogSlate: SlateFontCache - WITH_FREETYPE: 1, WITH_HARFBUZZ: 1
[2017.11.28-17.02.49:635][  0]LogSlate: SlateFontCache - WITH_FREETYPE: 1, WITH_HARFBUZZ: 1
[2017.11.28-17.02.50:473][  0]LogInit: Selected Device Profile: [Windows]
[2017.11.28-17.02.51:234][  0]LogSimplygon: Simplygon DLL not present - disabling.
[2017.11.28-17.02.51:343][  0]LogMeshReduction: Using SimplygonSwarm for distributed automatic mesh merging
[2017.11.28-17.02.51:343][  0]LogMeshReduction: Using QuadricMeshReduction for automatic static mesh reduction
[2017.11.28-17.02.51:343][  0]LogMeshReduction: No automatic skeletal mesh reduction module available
[2017.11.28-17.02.51:343][  0]LogMeshReduction: No automatic mesh merging module available
[2017.11.28-17.02.51:343][  0]LogMeshMerging: No automatic mesh merging module available
[2017.11.28-17.02.51:413][  0]LogNetVersion: VRTrialTwo , NetCL: 3709383, EngineNetVer: 2, GameNetVer: 0 (Checksum: 2185258889)
[2017.11.28-17.02.51:706][  0]LogAssetRegistry: FAssetRegistry took 0.0298 seconds to start up
[2017.11.28-17.02.52:841][  0]LogPackageLocalizationCache: Processed 7 localized package path(s) for 2 prioritized culture(s) in 0.203904 seconds
[2017.11.28-17.02.52:851][  0]LogUObjectArray: 35900 objects as part of root set at end of initial load.
[2017.11.28-17.02.52:851][  0]LogUObjectAllocator: 7372016 out of 0 bytes used by permanent object pool.
[2017.11.28-17.02.52:851][  0]LogUObjectArray: CloseDisregardForGC: 0/0 objects in disregard for GC pool
[2017.11.28-17.02.52:983][  0]LogInit: WinSock: version 1.1 (2.2), MaxSocks=32767, MaxUdp=65467
[2017.11.28-17.02.59:986][  0]LogTcpMessaging: Initializing TcpMessaging bridge
[2017.11.28-17.03.00:068][  0]LogUdpMessaging: Initializing bridge on interface 0.0.0.0:0 to multicast group 230.0.0.1:6666.
[2017.11.28-17.03.01:405][  0]LogMaterial: Uniform references updated for custom material expression Custom.
[2017.11.28-17.03.02:197][  0]SourceControl: Source control is disabled
[2017.11.28-17.03.02:197][  0]SourceControl: Source control is disabled
[2017.11.28-17.03.02:302][  0]SourceControl: Source control is disabled
[2017.11.28-17.03.02:402][  0]SourceControl: Source control is disabled
[2017.11.28-17.03.04:242][  0]LogAndroidPermission: UAndroidPermissionCallbackProxy::GetInstance
[2017.11.28-17.03.04:840][  0]LogOcInput: OculusInput pre-init called
[2017.11.28-17.03.05:381][  0]LogEngine: Initializing Engine...
[2017.11.28-17.03.11:655][  0]LogHMD: Failed to initialize OpenVR with code 208
[2017.11.28-17.03.12:017][  0]LogStats: UGameplayTagsManager::ConstructGameplayTagTree: Construct from data asset -  0.000 s
[2017.11.28-17.03.12:017][  0]LogStats: UGameplayTagsManager::ConstructGameplayTagTree: GameplayTagTreeChangedEvent.Broadcast -  0.000 s
[2017.11.28-17.03.12:297][  0]LogAIModule: Creating AISystem for world Untitled
[2017.11.28-17.03.12:342][  0]LogInit: XAudio2 using 'Speakers (5- USB Audio Device)' : 2 channels at 48 kHz using 16 bits per sample (channel mask 0x3)
[2017.11.28-17.03.12:366][  0]LogInit: FAudioDevice initialized.
[2017.11.28-17.03.14:865][  0]LogDerivedDataCache: Saved boot cache 2.50s 78MB C:/Users/iking/AppData/Local/UnrealEngine/4.18/DerivedDataCache/Boot.ddc.
[2017.11.28-17.03.14:899][  0]LogInit: Texture streaming: Enabled
[2017.11.28-17.03.15:134][  0]LogEngineSessionManager: EngineSessionManager initialized
[2017.11.28-17.03.15:402][  0]LogInit: Transaction tracking system initialized
[2017.11.28-17.03.16:078][  0]BlueprintLog: New page: Editor Load
[2017.11.28-17.03.17:994][  0]LocalizationService: Localization service is disabled
[2017.11.28-17.03.19:470][  0]LogConsoleResponse: Display: 
[2017.11.28-17.03.19:778][  0]LogCook: Display: Max memory allowance for cook 16384mb min free memory 0mb
[2017.11.28-17.03.19:778][  0]LogCook: Display: Mobile HDR setting 1
[2017.11.28-17.03.19:778][  0]LogGameplayTags: Display: UGameplayTagsManager::DoneAddingNativeTags. DelegateIsBound: 0
[2017.11.28-17.03.20:180][  0]LogFileCache: Scanning file cache for directory 'C:/Users/iking/Documents/Unreal Projects/Masked Entertainment/PillowsOfLove/VRTrialTwo/Content/' took 0.02s
[2017.11.28-17.03.22:289][  0]SourceControl: Source control is disabled
[2017.11.28-17.03.22:289][  0]Cmd: MAP LOAD FILE="../../../Engine/Content/Maps/Templates/Template_Default.umap" TEMPLATE=1 SHOWPROGRESS=1 FEATURELEVEL=3
[2017.11.28-17.03.22:290][  0]LightingResults: New page: Lighting Build
[2017.11.28-17.03.22:368][  0]MapCheck: New page: Map Check
[2017.11.28-17.03.22:368][  0]LightingResults: New page: Lighting Build
[2017.11.28-17.03.22:758][  0]LogAIModule: Creating AISystem for world Untitled_1
[2017.11.28-17.03.22:767][  0]LogEditorServer: Finished looking for orphan Actors (0.000 secs)
[2017.11.28-17.03.22:790][  0]Cmd: MAP CHECKDEP NOCLEARLOG
[2017.11.28-17.03.22:875][  0]MapCheck: Map check complete: 0 Error(s), 0 Warning(s), took 84.683ms to complete.
[2017.11.28-17.03.22:875][  0]LogFileHelpers: Loading map 'Template_Default' took 0.586
[2017.11.28-17.03.23:078][  0]LogCollectionManager: Loaded 0 collections in 0.002951 seconds
[2017.11.28-17.03.23:567][  0]LogFileCache: Scanning file cache for directory 'C:/Users/iking/Documents/Unreal Projects/Masked Entertainment/PillowsOfLove/VRTrialTwo/Saved/Collections/' took 0.01s
[2017.11.28-17.03.23:568][  0]LogFileCache: Scanning file cache for directory 'C:/Users/iking/Documents/Unreal Projects/Masked Entertainment/PillowsOfLove/VRTrialTwo/Content/Developers/iking/Collections/' took 0.01s
[2017.11.28-17.03.23:568][  0]LogFileCache: Scanning file cache for directory 'C:/Users/iking/Documents/Unreal Projects/Masked Entertainment/PillowsOfLove/VRTrialTwo/Content/Collections/' took 0.01s
[2017.11.28-17.03.23:568][  0]LogCollectionManager: Rebuilt the GUID cache for 0 collections in 0.000000 seconds
[2017.11.28-17.03.23:583][  0]LogContentBrowser: Native class hierarchy populated in 0.0154 seconds. Added 2363 classes and 519 folders.
[2017.11.28-17.03.23:710][  0]LogContentBrowser: Native class hierarchy updated for 'WidgetCarousel' in 0.0003 seconds. Added 0 classes and 0 folders.
[2017.11.28-17.03.23:788][  0]LogContentBrowser: Native class hierarchy updated for 'AddContentDialog' in 0.0003 seconds. Added 0 classes and 0 folders.
[2017.11.28-17.03.23:874][  0]LogContentBrowser: Native class hierarchy updated for 'SceneOutliner' in 0.0004 seconds. Added 1 classes and 2 folders.
[2017.11.28-17.03.23:896][  0]LogSlate: Took 0.000306 seconds to synchronously load lazily loaded font '../../../Engine/Content/Slate/Fonts/Roboto-Regular.ttf' (155K)
[2017.11.28-17.03.23:902][  0]LogSlate: Took 0.000284 seconds to synchronously load lazily loaded font '../../../Engine/Content/Slate/Fonts/Roboto-Bold.ttf' (160K)
[2017.11.28-17.03.23:905][  0]LogSlate: Took 0.000215 seconds to synchronously load lazily loaded font '../../../Engine/Content/Editor/Slate/Fonts/FontAwesome.ttf' (139K)
[2017.11.28-17.03.24:575][  0]LogRenderer: Reallocating scene render targets to support 960x432 Format 10 NumSamples 1 (Frame:1).
[2017.11.28-17.03.25:376][  0]LogContentBrowser: Native class hierarchy updated for 'HierarchicalLODOutliner' in 0.0003 seconds. Added 1 classes and 2 folders.
[2017.11.28-17.03.25:376][  0]LogLoad: (Engine Initialization) Total time: 47.23 seconds
[2017.11.28-17.03.25:377][  0]LogLoad: (Engine Initialization) Total Blueprint compile time: 0.00 seconds
[2017.11.28-17.03.25:377][  0]LogExternalProfiler: No external profilers were discovered.  External profiling features will not be available.
[2017.11.28-17.03.25:712][  0]LogWindowsTextInputMethodSystem: Display: IME system now deactivated.
[2017.11.28-17.03.25:740][  0]LogContentStreaming: Texture pool size now 1000 MB
[2017.11.28-17.03.25:855][  0]LogSlate: Took 0.000295 seconds to synchronously load lazily loaded font '../../../Engine/Content/Slate/Fonts/Roboto-Light.ttf' (159K)
[2017.11.28-17.03.56:534][333]LogAssetRegistry: Asset discovery search completed in 64.8502 seconds
[2017.11.28-17.03.56:538][333]LogCollectionManager: Rebuilt the object cache for 0 collections in 0.000000 seconds (found 0 objects)
[2017.11.28-17.03.56:538][333]LogCollectionManager: Fixed up redirectors for 0 collections in 0.000064 seconds (updated 0 objects)
[2017.11.28-17.05.06:041][539]LogAudio: Warning: Current Audio Device with ID {0.0.0.00000000}.{12d9ede4-f966-471a-a756-41ddf8d3a9fc} was removed. Shutting down audio device.
[2017.11.28-17.05.06:041][539]LogInit: XAudio2 using 'Speakers (Realtek High Definition Audio)' : 2 channels at 48 kHz using 32 bits per sample (channel mask 0x3)
[2017.11.28-17.05.06:338][540]LogInit: XAudio2 using 'Speakers (Realtek High Definition Audio)' : 2 channels at 48 kHz using 32 bits per sample (channel mask 0x3)
[2017.11.28-17.05.17:051][572]LogInit: XAudio2 using 'Speakers (5- USB Audio Device)' : 2 channels at 48 kHz using 16 bits per sample (channel mask 0x3)
[2017.11.28-17.05.17:349][573]LogInit: XAudio2 using 'Speakers (5- USB Audio Device)' : 2 channels at 48 kHz using 16 bits per sample (channel mask 0x3)
[2017.11.28-17.47.40:538][400]LogSlate: Took 0.000654 seconds to synchronously load lazily loaded font '../../../Engine/Content/Slate/Fonts/Roboto-Light.ttf' (159K)
[2017.11.28-17.47.41:056][400]LogPackageName: Error: DoesPackageExist: DoesPackageExist FAILED: '/Game/Map/Lights/Hanging Lights/hangingLight_color' is not a standard unreal filename or a long path name. Reason: Name may not contain the following characters: ' '
[2017.11.28-17.47.41:057][400]LogLinker: Warning: Can't find file '/Game/Map/Lights/Hanging Lights/hangingLight_color'
[2017.11.28-17.47.41:057][400]LogPackageName: Error: DoesPackageExist: DoesPackageExist FAILED: '/Game/Map/Lights/Hanging Lights/hangingLight_color' is not a standard unreal filename or a long path name. Reason: Name may not contain the following characters: ' '
[2017.11.28-17.47.41:057][400]LogLinker: Warning: Can't find file for asset '/Game/Map/Lights/Hanging Lights/hangingLight_color' while loading ../../../../../../Users/iking/Documents/Unreal Projects/Masked Entertainment/PillowsOfLove/VRTrialTwo/Content/Map/Lights/Hanging_Lights/SM_hangingLights.uasset.
[2017.11.28-17.47.41:057][400]LoadErrors: Error: /Game/Map/Lights/Hanging_Lights/SM_hangingLights : Can't find file for asset. /Game/Map/Lights/Hanging Lights/hangingLight_color
[2017.11.28-17.47.41:057][400]LogPackageName: Error: DoesPackageExist: DoesPackageExist FAILED: '/Game/Map/Lights/Hanging Lights/hangingLight_emmission' is not a standard unreal filename or a long path name. Reason: Name may not contain the following characters: ' '
[2017.11.28-17.47.41:057][400]LogLinker: Warning: Can't find file '/Game/Map/Lights/Hanging Lights/hangingLight_emmission'
[2017.11.28-17.47.41:057][400]LogPackageName: Error: DoesPackageExist: DoesPackageExist FAILED: '/Game/Map/Lights/Hanging Lights/hangingLight_emmission' is not a standard unreal filename or a long path name. Reason: Name may not contain the following characters: ' '
[2017.11.28-17.47.41:057][400]LogLinker: Warning: Can't find file for asset '/Game/Map/Lights/Hanging Lights/hangingLight_emmission' while loading ../../../../../../Users/iking/Documents/Unreal Projects/Masked Entertainment/PillowsOfLove/VRTrialTwo/Content/Map/Lights/Hanging_Lights/SM_hangingLights.uasset.
[2017.11.28-17.47.41:057][400]LoadErrors: Error: /Game/Map/Lights/Hanging_Lights/SM_hangingLights : Can't find file for asset. /Game/Map/Lights/Hanging Lights/hangingLight_emmission
[2017.11.28-17.47.41:058][400]LogPackageName: Error: DoesPackageExist: DoesPackageExist FAILED: '/Game/Map/Lights/Hanging Lights/hangingLight_color' is not a standard unreal filename or a long path name. Reason: Name may not contain the following characters: ' '
[2017.11.28-17.47.41:058][400]LogLinker: Warning: Can't find file '/Game/Map/Lights/Hanging Lights/hangingLight_color'
[2017.11.28-17.47.41:058][400]LogPackageName: Error: DoesPackageExist: DoesPackageExist FAILED: '/Game/Map/Lights/Hanging Lights/hangingLight_color' is not a standard unreal filename or a long path name. Reason: Name may not contain the following characters: ' '
[2017.11.28-17.47.41:058][400]LogLinker: Warning: Can't find file for asset '/Game/Map/Lights/Hanging Lights/hangingLight_color' while loading ../../../../../../Users/iking/Documents/Unreal Projects/Masked Entertainment/PillowsOfLove/VRTrialTwo/Content/Map/Lights/Hanging_Lights/SM_hangingLights.uasset.
[2017.11.28-17.47.41:058][400]LogPackageName: Error: DoesPackageExist: DoesPackageExist FAILED: '/Game/Map/Lights/Hanging Lights/hangingLight_emmission' is not a standard unreal filename or a long path name. Reason: Name may not contain the following characters: ' '
[2017.11.28-17.47.41:058][400]LogLinker: Warning: Can't find file '/Game/Map/Lights/Hanging Lights/hangingLight_emmission'
[2017.11.28-17.47.41:058][400]LogPackageName: Error: DoesPackageExist: DoesPackageExist FAILED: '/Game/Map/Lights/Hanging Lights/hangingLight_emmission' is not a standard unreal filename or a long path name. Reason: Name may not contain the following characters: ' '
[2017.11.28-17.47.41:058][400]LogLinker: Warning: Can't find file for asset '/Game/Map/Lights/Hanging Lights/hangingLight_emmission' while loading ../../../../../../Users/iking/Documents/Unreal Projects/Masked Entertainment/PillowsOfLove/VRTrialTwo/Content/Map/Lights/Hanging_Lights/SM_hangingLights.uasset.
[2017.11.28-17.47.41:466][400]LogTexture: Display: Building textures: LQ_Lightmap_0_2 (DXT1, 64X64)
[2017.11.28-17.47.41:466][400]LogTexture: Display: Building textures: HQ_Lightmap0_2 (AutoDXT, 64X64)
[2017.11.28-17.47.41:466][400]LogTexture: Display: Building textures: HQ_Lightmap0_1 (AutoDXT, 512X512)
[2017.11.28-17.47.41:466][400]LogTexture: Display: Building textures: LQ_Lightmap_0_1 (DXT1, 512X512)
[2017.11.28-17.47.41:467][400]LogSlate: Took 0.000922 seconds to synchronously load lazily loaded font '../../../Engine/Content/Slate/Fonts/Roboto-Regular.ttf' (155K)
[2017.11.28-17.47.41:476][400]LogPackageName: Error: DoesPackageExist: DoesPackageExist FAILED: '/Game/Map/Lights/Hanging Lights/hangingLight_emmission' is not a standard unreal filename or a long path name. Reason: Name may not contain the following characters: ' '
[2017.11.28-17.47.41:477][400]LogLinker: Warning: Can't find file '/Game/Map/Lights/Hanging Lights/hangingLight_emmission'
[2017.11.28-17.47.41:478][400]LoadErrors: Failed to load /Game/Map/Lights/Hanging Lights/hangingLight_emmission.hangingLight_emmission Referenced by MaterialExpressionTextureSample_34
[2017.11.28-17.47.41:478][400]LogPackageName: Error: DoesPackageExist: DoesPackageExist FAILED: '/Game/Map/Lights/Hanging Lights/hangingLight_emmission' is not a standard unreal filename or a long path name. Reason: Name may not contain the following characters: ' '
[2017.11.28-17.47.41:478][400]LogLinker: Warning: Can't find file for asset '/Game/Map/Lights/Hanging Lights/hangingLight_emmission' while loading NULL.
[2017.11.28-17.47.41:478][400]LogPackageName: Error: DoesPackageExist: DoesPackageExist FAILED: '/Game/Map/Lights/Hanging Lights/hangingLight_color' is not a standard unreal filename or a long path name. Reason: Name may not contain the following characters: ' '
[2017.11.28-17.47.41:478][400]LogLinker: Warning: Can't find file '/Game/Map/Lights/Hanging Lights/hangingLight_color'
[2017.11.28-17.47.41:478][400]LoadErrors: Failed to load /Game/Map/Lights/Hanging Lights/hangingLight_color.hangingLight_color Referenced by MaterialExpressionTextureSample_35
[2017.11.28-17.47.41:479][400]LogPackageName: Error: DoesPackageExist: DoesPackageExist FAILED: '/Game/Map/Lights/Hanging Lights/hangingLight_color' is not a standard unreal filename or a long path name. Reason: Name may not contain the following characters: ' '
[2017.11.28-17.47.41:479][400]LogLinker: Warning: Can't find file for asset '/Game/Map/Lights/Hanging Lights/hangingLight_color' while loading NULL.
[2017.11.28-17.47.42:218][400]LogTexture: Display: Building textures: ShadowMapTexture2D_4 (BGRA8, 1024X128)
[2017.11.28-17.47.42:218][400]LogTexture: Display: Building textures: ShadowMapTexture2D_5 (G8, 32X32)
[2017.11.28-17.47.42:218][400]LogTexture: Display: Building textures: pillar_OCC (AutoDXT, 2040X2040)
[2017.11.28-17.47.42:218][400]LogTexture: Display: Building textures: pillar_NRM (BC5, 2040X2040)
[2017.11.28-17.47.42:233][400]LogTexture: Display: Building textures: pillar_DISP (AutoDXT, 2040X2040)
[2017.11.28-17.47.42:260][400]LogStaticMesh: Building static mesh hangingLights...
[2017.11.28-17.47.42:487][400]LogStaticMesh: Built static mesh [0.23s] /Game/Map/Lights/Hanging_Lights/hangingLights.hangingLights
[2017.11.28-17.47.42:827][400]LogStaticMesh: Building static mesh mainBeam...
[2017.11.28-17.47.42:839][400]LogStaticMesh: Built static mesh [0.12s] /Game/Map/Beams/mainBeams/mainBeam.mainBeam
[2017.11.28-17.47.42:883][400]LogStaticMesh: Building static mesh Pillar...
[2017.11.28-17.47.42:904][400]LogStaticMesh: Built static mesh [0.06s] /Game/Map/Pillars/Pillar.Pillar
[2017.11.28-17.47.43:158][400]LogStaticMesh: Building static mesh supportBeam...
[2017.11.28-17.47.43:174][400]LogStaticMesh: Built static mesh [0.05s] /Game/Map/Beams/Support_Beams/supportBeam.supportBeam
[2017.11.28-17.47.45:336][400]LogTexture: Display: Building textures: pillar_COLOR (AutoDXT, 2040X2040)
[2017.11.28-17.47.51:997][400]LogMaterial: Missing cached shader map for material M_Concrete_Tiles, compiling. 
[2017.11.28-17.47.52:127][400]LogMaterial: Missing cached shader map for material Pillar_old, compiling. 
[2017.11.28-17.47.52:186][400]LogMaterial: Missing cached shader map for material SM_hangingLights, compiling. 
[2017.11.28-17.47.52:188][400]LogMaterial: Warning: C:\Users\iking\Documents\Unreal Projects\Masked Entertainment\PillowsOfLove\VRTrialTwo\Content\Map\Lights\Hanging_Lights\SM_hangingLights.uasset: Failed to compile Material for platform PCD3D_SM5, Default Material will be used in game.
[2017.11.28-17.47.52:188][400]LogMaterial: 	(Node TextureSample) Texture Sample> Missing input texture
[2017.11.28-17.47.52:192][400]LogMaterial: Missing cached shader map for material M_Metal_Steel, compiling. 
[2017.11.28-17.47.52:249][400]LogAIModule: Creating AISystem for world pillowsOfLove
[2017.11.28-17.47.52:335][400]Cmd: MAP LOAD FILE="../../../../../../Users/iking/Documents/Unreal Projects/Masked Entertainment/PillowsOfLove/VRTrialTwo/Content/pillowsOfLove.umap" TEMPLATE=0 SHOWPROGRESS=1 FEATURELEVEL=3
[2017.11.28-17.47.52:336][400]LightingResults: New page: Lighting Build
[2017.11.28-17.47.52:337][400]LoadErrors: New page: Loading map: pillowsOfLove.umap
[2017.11.28-17.47.52:338][400]MapCheck: New page: Map Check
[2017.11.28-17.47.52:339][400]LightingResults: New page: Lighting Build
[2017.11.28-17.47.52:451][400]LogEditorServer: Finished looking for orphan Actors (0.000 secs)
[2017.11.28-17.47.54:668][400]Cmd: MAP CHECKDEP NOCLEARLOG
[2017.11.28-17.47.54:846][400]MapCheck: Map check complete: 0 Error(s), 0 Warning(s), took 178.252ms to complete.
[2017.11.28-17.47.54:846][400]LogFileHelpers: Loading map 'pillowsOfLove' took 2.516
[2017.11.28-17.48.59:517][828]LogFactory: FactoryCreateFile: PackFactory with PackFactory (0 0 C:/Program Files/Epic Games/UE_4.18/FeaturePacks/TP_VirtualRealityBP.upack)
[2017.11.28-17.48.59:574][828]LogPackFactory: Finished extracting 8 files (including 0 errors).
[2017.11.28-17.48.59:638][828]LogPackFactory: Copied "../../../Templates/TP_VirtualRealityBP/Content/VirtualReality/Mannequin/Animations/MannequinHand_Right_CanGrab.uasset" to "../../../../../../Users/iking/Documents/Unreal Projects/Masked Entertainment/PillowsOfLove/VRTrialTwo/Content/VirtualReality/Mannequin/Animations/MannequinHand_Right_CanGrab.uasset"
[2017.11.28-17.48.59:663][828]LogPackFactory: Copied "../../../Templates/TP_VirtualRealityBP/Content/VirtualReality/Mannequin/Animations/MannequinHand_Right_Grab.uasset" to "../../../../../../Users/iking/Documents/Unreal Projects/Masked Entertainment/PillowsOfLove/VRTrialTwo/Content/VirtualReality/Mannequin/Animations/MannequinHand_Right_Grab.uasset"
[2017.11.28-17.48.59:680][828]LogPackFactory: Copied "../../../Templates/TP_VirtualRealityBP/Content/VirtualReality/Mannequin/Animations/MannequinHand_Right_Open.uasset" to "../../../../../../Users/iking/Documents/Unreal Projects/Masked Entertainment/PillowsOfLove/VRTrialTwo/Content/VirtualReality/Mannequin/Animations/MannequinHand_Right_Open.uasset"
[2017.11.28-17.48.59:699][828]LogPackFactory: Copied "../../../Templates/TP_VirtualRealityBP/Content/VirtualReality/Mannequin/Animations/RightGrip_BS.uasset" to "../../../../../../Users/iking/Documents/Unreal Projects/Masked Entertainment/PillowsOfLove/VRTrialTwo/Content/VirtualReality/Mannequin/Animations/RightGrip_BS.uasset"
[2017.11.28-17.48.59:732][828]LogPackFactory: Copied "../../../Templates/TP_VirtualRealityBP/Content/VirtualReality/Mannequin/Animations/RightHand_AnimBP.uasset" to "../../../../../../Users/iking/Documents/Unreal Projects/Masked Entertainment/PillowsOfLove/VRTrialTwo/Content/VirtualReality/Mannequin/Animations/RightHand_AnimBP.uasset"
[2017.11.28-17.48.59:773][828]LogPackFactory: Copied "../../../Templates/TP_VirtualRealityBP/Content/VirtualReality/Mannequin/Character/Materials/M_HandMat.uasset" to "../../../../../../Users/iking/Documents/Unreal Projects/Masked Entertainment/PillowsOfLove/VRTrialTwo/Content/VirtualReality/Mannequin/Character/Materials/M_HandMat.uasset"
[2017.11.28-17.48.59:793][828]LogPackFactory: Copied "../../../Templates/TP_VirtualRealityBP/Content/VirtualReality/Mannequin/Character/Mesh/MannequinHand_Right.uasset" to "../../../../../../Users/iking/Documents/Unreal Projects/Masked Entertainment/PillowsOfLove/VRTrialTwo/Content/VirtualReality/Mannequin/Character/Mesh/MannequinHand_Right.uasset"
[2017.11.28-17.48.59:803][828]LogPackFactory: Copied "../../../Templates/TP_VirtualRealityBP/Content/VirtualReality/Mannequin/Character/Mesh/MannequinHand_Right_PhysicsAsset.uasset" to "../../../../../../Users/iking/Documents/Unreal Projects/Masked Entertainment/PillowsOfLove/VRTrialTwo/Content/VirtualReality/Mannequin/Character/Mesh/MannequinHand_Right_PhysicsAsset.uasset"
[2017.11.28-17.48.59:813][828]LogPackFactory: Copied "../../../Templates/TP_VirtualRealityBP/Content/VirtualReality/Mannequin/Character/Mesh/MannequinHand_Right_Skeleton.uasset" to "../../../../../../Users/iking/Documents/Unreal Projects/Masked Entertainment/PillowsOfLove/VRTrialTwo/Content/VirtualReality/Mannequin/Character/Mesh/MannequinHand_Right_Skeleton.uasset"
[2017.11.28-17.48.59:868][828]LogPackFactory: Copied "../../../Templates/TP_VirtualRealityBP/Content/VirtualReality/Mannequin/Character/Textures/UE4_Mannequin_MAT_MASKA.uasset" to "../../../../../../Users/iking/Documents/Unreal Projects/Masked Entertainment/PillowsOfLove/VRTrialTwo/Content/VirtualReality/Mannequin/Character/Textures/UE4_Mannequin_MAT_MASKA.uasset"
[2017.11.28-17.49.00:001][828]LogPackFactory: Copied "../../../Templates/TP_VirtualRealityBP/Content/VirtualReality/Mannequin/Character/Textures/UE4_Mannequin__normals.uasset" to "../../../../../../Users/iking/Documents/Unreal Projects/Masked Entertainment/PillowsOfLove/VRTrialTwo/Content/VirtualReality/Mannequin/Character/Textures/UE4_Mannequin__normals.uasset"
[2017.11.28-17.49.00:045][828]LogPackFactory: Copied "../../../Templates/TP_VirtualRealityBP/Content/VirtualReality/Materials/GenericHMDMaterial.uasset" to "../../../../../../Users/iking/Documents/Unreal Projects/Masked Entertainment/PillowsOfLove/VRTrialTwo/Content/VirtualReality/Materials/GenericHMDMaterial.uasset"
[2017.11.28-17.49.00:114][828]LogPackFactory: Copied "../../../Templates/TP_VirtualRealityBP/Content/VirtualReality/Materials/MF_OccludedPixels.uasset" to "../../../../../../Users/iking/Documents/Unreal Projects/Masked Entertainment/PillowsOfLove/VRTrialTwo/Content/VirtualReality/Materials/MF_OccludedPixels.uasset"
[2017.11.28-17.49.00:128][828]LogPackFactory: Copied "../../../Templates/TP_VirtualRealityBP/Content/VirtualReality/Materials/MI_BaseMaterial2.uasset" to "../../../../../../Users/iking/Documents/Unreal Projects/Masked Entertainment/PillowsOfLove/VRTrialTwo/Content/VirtualReality/Materials/MI_BaseMaterial2.uasset"
[2017.11.28-17.49.00:145][828]LogPackFactory: Copied "../../../Templates/TP_VirtualRealityBP/Content/VirtualReality/Materials/MI_BaseMaterial3.uasset" to "../../../../../../Users/iking/Documents/Unreal Projects/Masked Entertainment/PillowsOfLove/VRTrialTwo/Content/VirtualReality/Materials/MI_BaseMaterial3.uasset"
[2017.11.28-17.49.00:188][828]LogPackFactory: Copied "../../../Templates/TP_VirtualRealityBP/Content/VirtualReality/Materials/MI_ChaperoneOutline.uasset" to "../../../../../../Users/iking/Documents/Unreal Projects/Masked Entertainment/PillowsOfLove/VRTrialTwo/Content/VirtualReality/Materials/MI_ChaperoneOutline.uasset"
[2017.11.28-17.49.00:213][828]LogPackFactory: Copied "../../../Templates/TP_VirtualRealityBP/Content/VirtualReality/Materials/MI_SmallCubes.uasset" to "../../../../../../Users/iking/Documents/Unreal Projects/Masked Entertainment/PillowsOfLove/VRTrialTwo/Content/VirtualReality/Materials/MI_SmallCubes.uasset"
[2017.11.28-17.49.00:228][828]LogPackFactory: Copied "../../../Templates/TP_VirtualRealityBP/Content/VirtualReality/Materials/MI_TeleportCylinderPreview.uasset" to "../../../../../../Users/iking/Documents/Unreal Projects/Masked Entertainment/PillowsOfLove/VRTrialTwo/Content/VirtualReality/Materials/MI_TeleportCylinderPreview.uasset"
[2017.11.28-17.49.00:278][828]LogPackFactory: Copied "../../../Templates/TP_VirtualRealityBP/Content/VirtualReality/Materials/M_ArcEndpoint.uasset" to "../../../../../../Users/iking/Documents/Unreal Projects/Masked Entertainment/PillowsOfLove/VRTrialTwo/Content/VirtualReality/Materials/M_ArcEndpoint.uasset"
[2017.11.28-17.49.00:295][828]LogPackFactory: Copied "../../../Templates/TP_VirtualRealityBP/Content/VirtualReality/Materials/M_BaseMaterial.uasset" to "../../../../../../Users/iking/Documents/Unreal Projects/Masked Entertainment/PillowsOfLove/VRTrialTwo/Content/VirtualReality/Materials/M_BaseMaterial.uasset"
[2017.11.28-17.49.00:312][828]LogPackFactory: Copied "../../../Templates/TP_VirtualRealityBP/Content/VirtualReality/Materials/M_SplineArcMat.uasset" to "../../../../../../Users/iking/Documents/Unreal Projects/Masked Entertainment/PillowsOfLove/VRTrialTwo/Content/VirtualReality/Materials/M_SplineArcMat.uasset"
[2017.11.28-17.49.00:328][828]LogPackFactory: Copied "../../../Templates/TP_VirtualRealityBP/Content/VirtualReality/Materials/M_TeleportPreviews.uasset" to "../../../../../../Users/iking/Documents/Unreal Projects/Masked Entertainment/PillowsOfLove/VRTrialTwo/Content/VirtualReality/Materials/M_TeleportPreviews.uasset"
[2017.11.28-17.49.00:349][828]LogPackFactory: Copied "../../../Templates/TP_VirtualRealityBP/Content/VirtualReality/Materials/TeleportMCP.uasset" to "../../../../../../Users/iking/Documents/Unreal Projects/Masked Entertainment/PillowsOfLove/VRTrialTwo/Content/VirtualReality/Materials/TeleportMCP.uasset"
[2017.11.28-17.49.00:364][828]LogPackFactory: Copied "../../../Templates/TP_VirtualRealityBP/Content/VirtualReality/Meshes/1x1_cube.uasset" to "../../../../../../Users/iking/Documents/Unreal Projects/Masked Entertainment/PillowsOfLove/VRTrialTwo/Content/VirtualReality/Meshes/1x1_cube.uasset"
[2017.11.28-17.49.00:378][828]LogPackFactory: Copied "../../../Templates/TP_VirtualRealityBP/Content/VirtualReality/Meshes/BeaconDirection.uasset" to "../../../../../../Users/iking/Documents/Unreal Projects/Masked Entertainment/PillowsOfLove/VRTrialTwo/Content/VirtualReality/Meshes/BeaconDirection.uasset"
[2017.11.28-17.49.00:393][828]LogPackFactory: Copied "../../../Templates/TP_VirtualRealityBP/Content/VirtualReality/Meshes/BeamMesh.uasset" to "../../../../../../Users/iking/Documents/Unreal Projects/Masked Entertainment/PillowsOfLove/VRTrialTwo/Content/VirtualReality/Meshes/BeamMesh.uasset"
[2017.11.28-17.49.00:423][828]LogPackFactory: Copied "../../../Templates/TP_VirtualRealityBP/Content/VirtualReality/Meshes/GenericHMD.uasset" to "../../../../../../Users/iking/Documents/Unreal Projects/Masked Entertainment/PillowsOfLove/VRTrialTwo/Content/VirtualReality/Meshes/GenericHMD.uasset"
[2017.11.28-17.49.00:449][828]LogPackFactory: Copied "../../../Templates/TP_VirtualRealityBP/Content/VirtualReality/Meshes/SM_FatCylinder.uasset" to "../../../../../../Users/iking/Documents/Unreal Projects/Masked Entertainment/PillowsOfLove/VRTrialTwo/Content/VirtualReality/Meshes/SM_FatCylinder.uasset"
[2017.11.28-17.49.00:480][828]LogPackFactory: Copied "../../../Templates/TP_VirtualRealityBP/Content/VirtualRealityBP/Blueprints/BP_MotionController.uasset" to "../../../../../../Users/iking/Documents/Unreal Projects/Masked Entertainment/PillowsOfLove/VRTrialTwo/Content/VirtualRealityBP/Blueprints/BP_MotionController.uasset"
[2017.11.28-17.49.00:527][828]LogPackFactory: Copied "../../../Templates/TP_VirtualRealityBP/Content/VirtualRealityBP/Blueprints/BP_PickupCube.uasset" to "../../../../../../Users/iking/Documents/Unreal Projects/Masked Entertainment/PillowsOfLove/VRTrialTwo/Content/VirtualRealityBP/Blueprints/BP_PickupCube.uasset"
[2017.11.28-17.49.00:539][828]LogPackFactory: Copied "../../../Templates/TP_VirtualRealityBP/Content/VirtualRealityBP/Blueprints/GripEnum.uasset" to "../../../../../../Users/iking/Documents/Unreal Projects/Masked Entertainment/PillowsOfLove/VRTrialTwo/Content/VirtualRealityBP/Blueprints/GripEnum.uasset"
[2017.11.28-17.49.00:577][828]LogPackFactory: Copied "../../../Templates/TP_VirtualRealityBP/Content/VirtualRealityBP/Blueprints/HMDLocomotionPawn.uasset" to "../../../../../../Users/iking/Documents/Unreal Projects/Masked Entertainment/PillowsOfLove/VRTrialTwo/Content/VirtualRealityBP/Blueprints/HMDLocomotionPawn.uasset"
[2017.11.28-17.49.00:594][828]LogPackFactory: Copied "../../../Templates/TP_VirtualRealityBP/Content/VirtualRealityBP/Blueprints/MotionControllerHaptics.uasset" to "../../../../../../Users/iking/Documents/Unreal Projects/Masked Entertainment/PillowsOfLove/VRTrialTwo/Content/VirtualRealityBP/Blueprints/MotionControllerHaptics.uasset"
[2017.11.28-17.49.00:654][828]LogPackFactory: Copied "../../../Templates/TP_VirtualRealityBP/Content/VirtualRealityBP/Blueprints/MotionControllerPawn.uasset" to "../../../../../../Users/iking/Documents/Unreal Projects/Masked Entertainment/PillowsOfLove/VRTrialTwo/Content/VirtualRealityBP/Blueprints/MotionControllerPawn.uasset"
[2017.11.28-17.49.00:670][828]LogPackFactory: Copied "../../../Templates/TP_VirtualRealityBP/Content/VirtualRealityBP/Blueprints/PickupActorInterface.uasset" to "../../../../../../Users/iking/Documents/Unreal Projects/Masked Entertainment/PillowsOfLove/VRTrialTwo/Content/VirtualRealityBP/Blueprints/PickupActorInterface.uasset"
[2017.11.28-17.49.00:680][828]LogPackFactory: Copied "../../../Templates/TP_VirtualRealityBP/Content/VirtualRealityBP/Blueprints/VirtualRealityPawn.uasset" to "../../../../../../Users/iking/Documents/Unreal Projects/Masked Entertainment/PillowsOfLove/VRTrialTwo/Content/VirtualRealityBP/Blueprints/VirtualRealityPawn.uasset"
[2017.11.28-17.49.00:712][828]LogPackFactory: Copied "../../../Templates/TP_VirtualRealityBP/Content/VirtualRealityBP/Maps/HMDLocomotionMap.umap" to "../../../../../../Users/iking/Documents/Unreal Projects/Masked Entertainment/PillowsOfLove/VRTrialTwo/Content/VirtualRealityBP/Maps/HMDLocomotionMap.umap"
[2017.11.28-17.49.00:795][828]LogPackFactory: Copied "../../../Templates/TP_VirtualRealityBP/Content/VirtualRealityBP/Maps/HMDLocomotionMap_BuiltData.uasset" to "../../../../../../Users/iking/Documents/Unreal Projects/Masked Entertainment/PillowsOfLove/VRTrialTwo/Content/VirtualRealityBP/Maps/HMDLocomotionMap_BuiltData.uasset"
[2017.11.28-17.49.00:821][828]LogPackFactory: Copied "../../../Templates/TP_VirtualRealityBP/Content/VirtualRealityBP/Maps/MotionControllerMap.umap" to "../../../../../../Users/iking/Documents/Unreal Projects/Masked Entertainment/PillowsOfLove/VRTrialTwo/Content/VirtualRealityBP/Maps/MotionControllerMap.umap"
[2017.11.28-17.49.00:895][828]LogPackFactory: Copied "../../../Templates/TP_VirtualRealityBP/Content/VirtualRealityBP/Maps/MotionControllerMap_BuiltData.uasset" to "../../../../../../Users/iking/Documents/Unreal Projects/Masked Entertainment/PillowsOfLove/VRTrialTwo/Content/VirtualRealityBP/Maps/MotionControllerMap_BuiltData.uasset"
[2017.11.28-17.49.01:344][828]LogPackFactory: Copied "../../../Templates/TP_VirtualRealityBP/Content/VirtualRealityBP/Maps/StartupMap.umap" to "../../../../../../Users/iking/Documents/Unreal Projects/Masked Entertainment/PillowsOfLove/VRTrialTwo/Content/VirtualRealityBP/Maps/StartupMap.umap"
[2017.11.28-17.49.01:371][828]LogPackFactory: Copied "../../../Templates/TP_VirtualRealityBP/Content/VirtualRealityBP/Maps/StartupMap_BuiltData.uasset" to "../../../../../../Users/iking/Documents/Unreal Projects/Masked Entertainment/PillowsOfLove/VRTrialTwo/Content/VirtualRealityBP/Maps/StartupMap_BuiltData.uasset"
[2017.11.28-17.49.01:697][828]LogMaterial: Missing cached shader map for material M_HandMat, compiling. 
[2017.11.28-17.49.02:027][828]LogSavePackage: Save=80.69ms
[2017.11.28-17.49.02:027][828]LogSavePackage: Moving '../../../../../../Users/iking/Documents/Unreal Projects/Masked Entertainment/PillowsOfLove/VRTrialTwo/Saved/MannequinHand_Right_CanGrab9BF267404AE01B52695595BD9D0AF55E.tmp' to '../../../../../../Users/iking/Documents/Unreal Projects/Masked Entertainment/PillowsOfLove/VRTrialTwo/Content/VirtualReality/Mannequin/Animations/MannequinHand_Right_CanGrab.uasset'
[2017.11.28-17.49.02:040][828]LogSavePackage: Display: Finished SavePackage ../../../../../../Users/iking/Documents/Unreal Projects/Masked Entertainment/PillowsOfLove/VRTrialTwo/Content/VirtualReality/Mannequin/Animations/MannequinHand_Right_CanGrab.uasset
[2017.11.28-17.49.02:045][828]LogLinker: Warning: Can't find file '/Game/VirtualRealityBP/VirtualReality'
[2017.11.28-17.49.02:045][828]LogLinker: Warning: Can't find file '/Game/VirtualRealityBP/VirtualReality'
[2017.11.28-17.49.02:045][828]LogUObjectGlobals: Warning: Failed to find object 'Object /Game/VirtualRealityBP/VirtualReality.VirtualReality'
[2017.11.28-17.49.25:954][701]LogBlueprint: Warning: [Compiler MotionControllerPawn] Get Input Axis references unknown Axis 'MotionControllerThumbRight_X' for  Get MotionControllerThumbRight_X
[2017.11.28-17.49.25:954][701]LogBlueprint: Warning: [Compiler MotionControllerPawn] Get Input Axis references unknown Axis 'MotionControllerThumbRight_Y' for  Get MotionControllerThumbRight_Y
[2017.11.28-17.49.25:955][701]LogBlueprint: Warning: [Compiler MotionControllerPawn] Get Input Axis references unknown Axis 'MotionControllerThumbLeft_Y' for  Get MotionControllerThumbLeft_Y
[2017.11.28-17.49.25:955][701]LogBlueprint: Warning: [Compiler MotionControllerPawn] Get Input Axis references unknown Axis 'MotionControllerThumbLeft_X' for  Get MotionControllerThumbLeft_X
[2017.11.28-17.49.25:955][701]LogBlueprint: Warning: [Compiler MotionControllerPawn] InputAction Event references unknown Action 'TeleportRight' for  InputAction TeleportRight
[2017.11.28-17.49.25:956][701]LogBlueprint: Warning: [Compiler MotionControllerPawn] InputAction Event references unknown Action 'TeleportLeft' for  InputAction TeleportLeft
[2017.11.28-17.49.25:956][701]LogBlueprint: Warning: [Compiler MotionControllerPawn] InputAction Event references unknown Action 'GrabRight' for  InputAction GrabRight
[2017.11.28-17.49.25:956][701]LogBlueprint: Warning: [Compiler MotionControllerPawn] InputAction Event references unknown Action 'GrabLeft' for  InputAction GrabLeft
[2017.11.28-17.49.25:969][701]LogBlueprint: Warning: [Compiler MotionControllerPawn] [2807.82] Compile of MotionControllerPawn successful, but with 8 Warning(s) [in 48 ms] (/Game/VirtualRealityBP/Blueprints/MotionControllerPawn.MotionControllerPawn)
[2017.11.28-17.49.25:997][701]LogMaterial: Missing cached shader map for material M_TeleportPreviews, compiling. 
[2017.11.28-17.49.26:033][701]LogMaterial: Missing cached shader map for material M_ArcEndpoint, compiling. 
[2017.11.28-17.49.26:234][701]LogMaterial: Missing cached shader map for material M_SplineArcMat, compiling. 
[2017.11.28-17.49.52:401][241]LogEditorViewport: Clicking on Actor (LMB): MotionControllerPawn_C (MotionControllerPawn)
[2017.11.28-17.49.53:270][302]Cmd: DELETE
[2017.11.28-17.49.53:270][302]Cmd: ACTOR DELETE
[2017.11.28-17.49.53:291][302]LogEditorActor: Deleted Actor: MotionControllerPawn_C
[2017.11.28-17.49.53:346][302]LogEditorActor: Deleted 1 Actors (0.075 secs)
[2017.11.28-17.50.03:230][660]LogSavePackage: Save=850.06ms
[2017.11.28-17.50.03:232][660]LogSavePackage: Moving '../../../../../../Users/iking/Documents/Unreal Projects/Masked Entertainment/PillowsOfLove/VRTrialTwo/Saved/pillowsOfLove5D21890746C848F2D22009B33C4B6CBA.tmp' to '../../../../../../Users/iking/Documents/Unreal Projects/Masked Entertainment/PillowsOfLove/VRTrialTwo/Content/pillowsOfLove.umap'
[2017.11.28-17.50.03:245][660]LogSavePackage: Display: Finished SavePackage ../../../../../../Users/iking/Documents/Unreal Projects/Masked Entertainment/PillowsOfLove/VRTrialTwo/Content/pillowsOfLove.umap
[2017.11.28-17.50.03:386][660]LogFileHelpers: Saving map 'pillowsOfLove' took 1.259
[2017.11.28-17.50.05:142][815]LogWindowsTextInputMethodSystem: Display: IME system now deactivated.
[2017.11.28-17.50.05:399][816]Cmd: QUIT_EDITOR
[2017.11.28-17.50.06:014][816]LogExit: Preparing to exit.
[2017.11.28-17.50.06:840][816]LogDirectoryWatcher: A directory notification for 'C:/Users/iking/Documents/Unreal Projects/Masked Entertainment/PillowsOfLove/VRTrialTwo/Content/' was aborted.
[2017.11.28-17.50.07:141][816]LogExit: Editor shut down
[2017.11.28-17.50.07:198][816]LogExit: Transaction tracking system shut down
[2017.11.28-17.50.07:645][816]LogDirectoryWatcher: A directory notification for '../../../Engine/Content/' was aborted.
[2017.11.28-17.50.07:645][816]LogDirectoryWatcher: A directory notification for '../../../../../../Users/iking/Documents/Unreal Projects/Masked Entertainment/PillowsOfLove/VRTrialTwo/Content/' was aborted.
[2017.11.28-17.50.07:645][816]LogDirectoryWatcher: A directory notification for '../../../Engine/Plugins/2D/Paper2D/Content/' was aborted.
[2017.11.28-17.50.07:645][816]LogDirectoryWatcher: A directory notification for '../../../Engine/Plugins/Media/MediaCompositing/Content/' was aborted.
[2017.11.28-17.50.07:645][816]LogDirectoryWatcher: A directory notification for '../../../Engine/Plugins/Runtime/AppleARKit/Content/' was aborted.
[2017.11.28-17.50.07:645][816]LogDirectoryWatcher: A directory notification for '../../../Engine/Plugins/Runtime/Oculus/OculusVR/Content/' was aborted.
[2017.11.28-17.50.07:645][816]LogDirectoryWatcher: A directory notification for '../../../Engine/Plugins/Runtime/Steam/SteamVR/Content/' was aborted.
[2017.11.28-17.50.09:910][816]LogExit: Object subsystem successfully closed.
[2017.11.28-17.50.10:440][816]LogD3D11RHI: Shutdown
[2017.11.28-17.50.10:462][816]LogD3D11RHI: CleanupD3DDevice
[2017.11.28-17.50.10:632][816]LogD3D11RHI: ~FD3D11DynamicRHI
[2017.11.28-17.50.12:032][816]LogModuleManager: Shutting down and abandoning module HierarchicalLODOutliner (550)
[2017.11.28-17.50.12:032][816]LogModuleManager: Shutting down and abandoning module SceneOutliner (548)
[2017.11.28-17.50.12:032][816]LogModuleManager: Shutting down and abandoning module AddContentDialog (546)
[2017.11.28-17.50.12:032][816]LogDirectoryWatcher: A directory notification for 'C:/Program Files/Epic Games/UE_4.18/FeaturePacks/' was aborted.
[2017.11.28-17.50.12:037][816]LogModuleManager: Shutting down and abandoning module WidgetCarousel (545)
[2017.11.28-17.50.12:037][816]LogModuleManager: Shutting down and abandoning module EditorWidgets (542)
[2017.11.28-17.50.12:037][816]LogModuleManager: Shutting down and abandoning module CollectionManager (540)
[2017.11.28-17.50.12:094][816]LogDirectoryWatcher: A directory notification for 'C:/Users/iking/Documents/Unreal Projects/Masked Entertainment/PillowsOfLove/VRTrialTwo/Content/Collections/' was aborted.
[2017.11.28-17.50.12:094][816]LogDirectoryWatcher: A directory notification for 'C:/Users/iking/Documents/Unreal Projects/Masked Entertainment/PillowsOfLove/VRTrialTwo/Content/Developers/iking/Collections/' was aborted.
[2017.11.28-17.50.12:094][816]LogDirectoryWatcher: A directory notification for 'C:/Users/iking/Documents/Unreal Projects/Masked Entertainment/PillowsOfLove/VRTrialTwo/Saved/Collections/' was aborted.
[2017.11.28-17.50.12:094][816]LogModuleManager: Shutting down and abandoning module HierarchicalLODUtilities (538)
[2017.11.28-17.50.12:128][816]LogModuleManager: Shutting down and abandoning module StatsViewer (536)
[2017.11.28-17.50.12:174][816]LogModuleManager: Shutting down and abandoning module FoliageEdit (534)
[2017.11.28-17.50.12:182][816]LogModuleManager: Shutting down and abandoning module LandscapeEditor (532)
[2017.11.28-17.50.12:245][816]LogModuleManager: Shutting down and abandoning module MeshPaintMode (530)
[2017.11.28-17.50.12:274][816]LogModuleManager: Shutting down and abandoning module SceneDepthPickerMode (528)
[2017.11.28-17.50.12:274][816]LogModuleManager: Shutting down and abandoning module ActorPickerMode (526)
[2017.11.28-17.50.12:274][816]LogModuleManager: Shutting down and abandoning module GeometryMode (524)
[2017.11.28-17.50.12:274][816]LogModuleManager: Shutting down and abandoning module TextureAlignMode (522)
[2017.11.28-17.50.12:274][816]LogModuleManager: Shutting down and abandoning module BspMode (520)
[2017.11.28-17.50.12:274][816]LogModuleManager: Shutting down and abandoning module PIEPreviewDeviceProfileSelector (518)
[2017.11.28-17.50.12:274][816]LogModuleManager: Shutting down and abandoning module HardwareSurvey (516)
[2017.11.28-17.50.12:274][816]LogModuleManager: Shutting down and abandoning module SequenceRecorderSections (514)
[2017.11.28-17.50.12:293][816]LogModuleManager: Shutting down and abandoning module AutomationWorker (512)
[2017.11.28-17.50.12:301][816]LogModuleManager: Shutting down and abandoning module MatineeToLevelSequence (510)
[2017.11.28-17.50.12:301][816]LogModuleManager: Shutting down and abandoning module LevelSequenceEditor (508)
[2017.11.28-17.50.12:362][816]LogModuleManager: Shutting down and abandoning module PlacementMode (507)
[2017.11.28-17.50.12:362][816]LogModuleManager: Shutting down and abandoning module WmfMediaFactory (504)
[2017.11.28-17.50.12:362][816]LogModuleManager: Shutting down and abandoning module WmfMediaEditor (502)
[2017.11.28-17.50.12:362][816]LogModuleManager: Shutting down and abandoning module OpenExrWrapper (500)
[2017.11.28-17.50.12:362][816]LogModuleManager: Shutting down and abandoning module ImgMediaFactory (498)
[2017.11.28-17.50.12:362][816]LogModuleManager: Shutting down and abandoning module ImgMediaEditor (496)
[2017.11.28-17.50.12:362][816]LogModuleManager: Shutting down and abandoning module AvfMediaFactory (494)
[2017.11.28-17.50.12:362][816]LogModuleManager: Shutting down and abandoning module AvfMediaEditor (492)
[2017.11.28-17.50.12:362][816]LogModuleManager: Shutting down and abandoning module AndroidMediaFactory (490)
[2017.11.28-17.50.12:362][816]LogModuleManager: Shutting down and abandoning module AndroidMediaEditor (488)
[2017.11.28-17.50.12:362][816]LogModuleManager: Shutting down and abandoning module CharacterAI (486)
[2017.11.28-17.50.12:362][816]LogModuleManager: Shutting down and abandoning module AudioCapture (484)
[2017.11.28-17.50.12:390][816]LogModuleManager: Shutting down and abandoning module SequenceRecorder (483)
[2017.11.28-17.50.12:392][816]LogModuleManager: Shutting down and abandoning module SmartSnapping (480)
[2017.11.28-17.50.12:392][816]LogModuleManager: Shutting down and abandoning module SessionServices (478)
[2017.11.28-17.50.12:392][816]LogModuleManager: Shutting down and abandoning module ViewportSnapping (476)
[2017.11.28-17.50.12:392][816]LogModuleManager: Shutting down and abandoning module ViewportInteraction (474)
[2017.11.28-17.50.12:392][816]LogModuleManager: Shutting down and abandoning module ClothPainter (472)
[2017.11.28-17.50.12:443][816]LogModuleManager: Shutting down and abandoning module SkeletalMeshEditor (471)
[2017.11.28-17.50.12:503][816]LogModuleManager: Shutting down and abandoning module LogVisualizer (468)
[2017.11.28-17.50.12:566][816]LogModuleManager: Shutting down and abandoning module IntroTutorials (466)
[2017.11.28-17.50.12:620][816]LogModuleManager: Shutting down and abandoning module GameProjectGeneration (465)
[2017.11.28-17.50.12:659][816]LogModuleManager: Shutting down and abandoning module IOSPlatformEditor (462)
[2017.11.28-17.50.12:659][816]LogModuleManager: Shutting down and abandoning module HTML5PlatformEditor (460)
[2017.11.28-17.50.12:659][816]LogModuleManager: Shutting down and abandoning module AndroidPlatformEditor (458)
[2017.11.28-17.50.12:659][816]LogModuleManager: Shutting down and abandoning module AndroidDeviceDetection (457)
[2017.11.28-17.50.13:107][816]LogModuleManager: Shutting down and abandoning module WindowsPlatformEditor (454)
[2017.11.28-17.50.13:107][816]LogModuleManager: Shutting down and abandoning module IOSRuntimeSettings (452)
[2017.11.28-17.50.13:107][816]LogModuleManager: Shutting down and abandoning module AndroidRuntimeSettings (450)
[2017.11.28-17.50.13:107][816]LogModuleManager: Shutting down and abandoning module InputBindingEditor (448)
[2017.11.28-17.50.13:138][816]LogModuleManager: Shutting down and abandoning module MergeActors (446)
[2017.11.28-17.50.13:173][816]LogModuleManager: Shutting down and abandoning module SizeMap (444)
[2017.11.28-17.50.13:173][816]LogModuleManager: Shutting down and abandoning module TreeMap (442)
[2017.11.28-17.50.13:294][816]LogModuleManager: Shutting down and abandoning module ReferenceViewer (440)
[2017.11.28-17.50.13:294][816]LogModuleManager: Shutting down and abandoning module LocalizationDashboard (438)
[2017.11.28-17.50.13:358][816]LogModuleManager: Shutting down and abandoning module LocalizationService (437)
[2017.11.28-17.50.13:367][816]LogModuleManager: Shutting down and abandoning module HardwareTargeting (434)
[2017.11.28-17.50.13:367][816]LogModuleManager: Shutting down and abandoning module DeviceProfileEditor (432)
[2017.11.28-17.50.13:367][816]LogModuleManager: Shutting down and abandoning module UndoHistory (430)
[2017.11.28-17.50.13:367][816]LogModuleManager: Shutting down and abandoning module XmlParser (428)
[2017.11.28-17.50.13:425][816]LogModuleManager: Shutting down and abandoning module Blutility (426)
[2017.11.28-17.50.13:425][816]LogModuleManager: Shutting down and abandoning module ProjectSettingsViewer (424)
[2017.11.28-17.50.13:425][816]LogModuleManager: Shutting down and abandoning module ProjectTargetPlatformEditor (423)
[2017.11.28-17.50.13:425][816]LogModuleManager: Shutting down and abandoning module EditorSettingsViewer (420)
[2017.11.28-17.50.13:425][816]LogModuleManager: Shutting down and abandoning module SettingsEditor (418)
[2017.11.28-17.50.13:425][816]LogModuleManager: Shutting down and abandoning module ProjectLauncher (416)
[2017.11.28-17.50.13:488][816]LogModuleManager: Shutting down and abandoning module SessionFrontend (414)
[2017.11.28-17.50.13:572][816]LogModuleManager: Shutting down and abandoning module ProfilerClient (412)
[2017.11.28-17.50.13:596][816]LogModuleManager: Shutting down and abandoning module DeviceManager (410)
[2017.11.28-17.50.13:615][816]LogModuleManager: Shutting down and abandoning module TargetDeviceServices (409)
[2017.11.28-17.50.13:670][816]LogModuleManager: Shutting down and abandoning module AutomationController (406)
[2017.11.28-17.50.13:709][816]LogModuleManager: Shutting down and abandoning module AutomationWindow (404)
[2017.11.28-17.50.13:756][816]LogModuleManager: Shutting down and abandoning module Layers (402)
[2017.11.28-17.50.13:822][816]LogModuleManager: Shutting down and abandoning module ComponentVisualizers (400)
[2017.11.28-17.50.13:822][816]LogModuleManager: Shutting down and abandoning module DetailCustomizations (398)
[2017.11.28-17.50.13:841][816]LogModuleManager: Shutting down and abandoning module PackagesDialog (396)
[2017.11.28-17.50.13:841][816]LogModuleManager: Shutting down and abandoning module Persona (394)
[2017.11.28-17.50.13:884][816]LogModuleManager: Shutting down and abandoning module AdvancedPreviewScene (393)
[2017.11.28-17.50.13:884][816]LogModuleManager: Shutting down and abandoning module AnimGraph (391)
[2017.11.28-17.50.13:884][816]LogModuleManager: Shutting down and abandoning module Kismet (388)
[2017.11.28-17.50.13:922][816]LogModuleManager: Shutting down and abandoning module ClassViewer (386)
[2017.11.28-17.50.13:922][816]LogModuleManager: Shutting down and abandoning module Toolbox (384)
[2017.11.28-17.50.13:922][816]LogModuleManager: Shutting down and abandoning module ModuleUI (382)
[2017.11.28-17.50.13:952][816]LogModuleManager: Shutting down and abandoning module MovieSceneTools (380)
[2017.11.28-17.50.14:010][816]LogModuleManager: Shutting down and abandoning module OutputLog (378)
[2017.11.28-17.50.14:044][816]LogModuleManager: Shutting down and abandoning module GammaUI (376)
[2017.11.28-17.50.14:081][816]LogModuleManager: Shutting down and abandoning module Documentation (374)
[2017.11.28-17.50.14:081][816]LogModuleManager: Shutting down and abandoning module MovieSceneTracks (372)
[2017.11.28-17.50.14:081][816]LogModuleManager: Shutting down and abandoning module MovieScene (370)
[2017.11.28-17.50.14:081][816]LogModuleManager: Shutting down and abandoning module StreamingPauseRendering (368)
[2017.11.28-17.50.14:081][816]LogModuleManager: Shutting down and abandoning module LauncherPlatform (366)
[2017.11.28-17.50.14:081][816]LogModuleManager: Shutting down and abandoning module AnalyticsET (364)
[2017.11.28-17.50.14:081][816]LogModuleManager: Shutting down and abandoning module PortalServices (362)
[2017.11.28-17.50.14:081][816]LogModuleManager: Shutting down and abandoning module PortalRpc (360)
[2017.11.28-17.50.14:081][816]LogModuleManager: Shutting down and abandoning module MessagingRpc (358)
[2017.11.28-17.50.14:081][816]LogModuleManager: Shutting down and abandoning module AIModule (356)
[2017.11.28-17.50.14:120][816]LogModuleManager: Shutting down and abandoning module GameplayDebugger (355)
[2017.11.28-17.50.14:120][816]LogModuleManager: Shutting down and abandoning module AITestSuite (353)
[2017.11.28-17.50.14:141][816]LogModuleManager: Shutting down and abandoning module DesktopPlatform (350)
[2017.11.28-17.50.14:141][816]LogModuleManager: Shutting down and abandoning module ProfilerService (348)
[2017.11.28-17.50.14:350][816]LogModuleManager: Shutting down and abandoning module TaskGraph (346)
[2017.11.28-17.50.14:376][816]LogModuleManager: Shutting down and abandoning module SteamVRController (344)
[2017.11.28-17.50.14:376][816]LogModuleManager: Shutting down and abandoning module ProceduralMeshComponentEditor (342)
[2017.11.28-17.50.14:376][816]LogModuleManager: Shutting down and abandoning module ProceduralMeshComponent (340)
[2017.11.28-17.50.14:403][816]LogModuleManager: Shutting down and abandoning module OculusInput (338)
[2017.11.28-17.50.14:435][816]LogModuleManager: Shutting down and abandoning module MobilePatchingUtils (336)
[2017.11.28-17.50.14:435][816]LogModuleManager: Shutting down and abandoning module CustomMeshComponent (334)
[2017.11.28-17.50.14:435][816]LogModuleManager: Shutting down and abandoning module CableComponent (332)
[2017.11.28-17.50.14:444][816]LogModuleManager: Shutting down and abandoning module ArchVisCharacter (330)
[2017.11.28-17.50.14:445][816]LogModuleManager: Shutting down and abandoning module AndroidPermission (328)
[2017.11.28-17.50.14:445][816]LogModuleManager: Shutting down and abandoning module ActorSequence (324)
[2017.11.28-17.50.14:445][816]LogModuleManager: Shutting down and abandoning module MediaPlayerEditor (322)
[2017.11.28-17.50.14:487][816]LogModuleManager: Shutting down and abandoning module MediaCompositingEditor (320)
[2017.11.28-17.50.14:487][816]LogModuleManager: Shutting down and abandoning module MediaCompositing (318)
[2017.11.28-17.50.14:487][816]LogModuleManager: Shutting down and abandoning module HTML5Networking (316)
[2017.11.28-17.50.14:487][816]LogModuleManager: Shutting down and abandoning module AlembicImporter (314)
[2017.11.28-17.50.14:497][816]LogModuleManager: Shutting down and abandoning module AlembicLibrary (313)
[2017.11.28-17.50.14:497][816]LogModuleManager: Shutting down and abandoning module GeometryCache (312)
[2017.11.28-17.50.14:497][816]LogModuleManager: Shutting down and abandoning module GeometryCacheEd (311)
[2017.11.28-17.50.14:498][816]LogModuleManager: Shutting down and abandoning module SpeedTreeImporter (306)
[2017.11.28-17.50.14:498][816]LogModuleManager: Shutting down and abandoning module PluginBrowser (304)
[2017.11.28-17.50.14:545][816]LogModuleManager: Shutting down and abandoning module MobileLauncherProfileWizard (302)
[2017.11.28-17.50.14:578][816]LogModuleManager: Shutting down and abandoning module VisualStudioSourceCodeAccess (300)
[2017.11.28-17.50.14:578][816]LogModuleManager: Shutting down and abandoning module VisualStudioCodeSourceCodeAccess (298)
[2017.11.28-17.50.14:578][816]LogModuleManager: Shutting down and abandoning module UObjectPlugin (296)
[2017.11.28-17.50.14:578][816]LogModuleManager: Shutting down and abandoning module SubversionSourceControl (294)
[2017.11.28-17.50.14:603][816]LogModuleManager: Shutting down and abandoning module PerforceSourceControl (292)
[2017.11.28-17.50.14:620][816]LogModuleManager: Shutting down and abandoning module GitSourceControl (290)
[2017.11.28-17.50.14:649][816]LogModuleManager: Shutting down and abandoning module SourceControl (289)
[2017.11.28-17.50.14:677][816]LogModuleManager: Shutting down and abandoning module LightPropagationVolumeEditor (286)
[2017.11.28-17.50.14:677][816]LogModuleManager: Shutting down and abandoning module PaperTiledImporter (284)
[2017.11.28-17.50.14:677][816]LogModuleManager: Shutting down and abandoning module PaperSpriteSheetImporter (282)
[2017.11.28-17.50.14:677][816]LogModuleManager: Shutting down and abandoning module Paper2DEditor (280)
[2017.11.28-17.50.14:709][816]LogModuleManager: Shutting down and abandoning module MeshPaint (279)
[2017.11.28-17.50.14:725][816]LogModuleManager: Shutting down and abandoning module LevelEditor (277)
[2017.11.28-17.50.14:760][816]LogModuleManager: Shutting down and abandoning module PixelInspectorModule (276)
[2017.11.28-17.50.14:778][816]LogModuleManager: Shutting down and abandoning module MainFrame (274)
[2017.11.28-17.50.14:778][816]LogModuleManager: Shutting down and abandoning module HotReload (273)
[2017.11.28-17.50.14:791][816]LogModuleManager: Shutting down and abandoning module RuntimePhysXCooking (268)
[2017.11.28-17.50.14:791][816]LogModuleManager: Shutting down and abandoning module PhysXVehiclesEditor (266)
[2017.11.28-17.50.14:791][816]LogModuleManager: Shutting down and abandoning module PhysXVehicles (264)
[2017.11.28-17.50.14:791][816]LogModuleManager: Shutting down and abandoning module OculusEditor (262)
[2017.11.28-17.50.14:791][816]LogModuleManager: Shutting down and abandoning module LocationServicesBPLibrary (260)
[2017.11.28-17.50.14:791][816]LogModuleManager: Shutting down and abandoning module ImmediatePhysicsEditor (258)
[2017.11.28-17.50.14:791][816]LogModuleManager: Shutting down and abandoning module ImmediatePhysics (256)
[2017.11.28-17.50.14:791][816]LogModuleManager: Shutting down and abandoning module UdpMessaging (254)
[2017.11.28-17.50.14:914][816]LogModuleManager: Shutting down and abandoning module TcpMessaging (252)
[2017.11.28-17.50.15:021][816]LogModuleManager: Shutting down and abandoning module GameplayTagsEditor (250)
[2017.11.28-17.50.15:052][816]LogModuleManager: Shutting down and abandoning module FacialAnimationEditor (248)
[2017.11.28-17.50.15:052][816]LogModuleManager: Shutting down and abandoning module FacialAnimation (246)
[2017.11.28-17.50.15:053][816]LogModuleManager: Shutting down and abandoning module AssetManagerEditor (244)
[2017.11.28-17.50.15:080][816]LogModuleManager: Shutting down and abandoning module GraphEditor (243)
[2017.11.28-17.50.15:080][816]LogModuleManager: Shutting down and abandoning module ContentBrowser (241)
[2017.11.28-17.50.15:083][816]LogModuleManager: Shutting down and abandoning module LightPropagationVolumeRuntime (238)
[2017.11.28-17.50.15:083][816]LogModuleManager: Shutting down and abandoning module Paper2D (236)
[2017.11.28-17.50.15:083][816]LogModuleManager: Shutting down and abandoning module WindowsMoviePlayer (234)
[2017.11.28-17.50.15:118][816]LogModuleManager: Shutting down and abandoning module WmfMedia (232)
[2017.11.28-17.50.15:134][816]LogModuleManager: Shutting down and abandoning module ImgMedia (230)
[2017.11.28-17.50.15:134][816]LogModuleManager: Shutting down and abandoning module PacketHandler (228)
[2017.11.28-17.50.15:134][816]LogModuleManager: Shutting down and abandoning module ClothingSystemEditor (226)
[2017.11.28-17.50.15:134][816]LogModuleManager: Shutting down and abandoning module ClothingSystemRuntime (224)
[2017.11.28-17.50.15:154][816]LogModuleManager: Shutting down and abandoning module MediaAssets (222)
[2017.11.28-17.50.15:154][816]LogModuleManager: Shutting down and abandoning module Media (221)
[2017.11.28-17.50.15:160][816]LogModuleManager: Shutting down and abandoning module Overlay (218)
[2017.11.28-17.50.15:160][816]LogModuleManager: Shutting down and abandoning module OverlayEditor (217)
[2017.11.28-17.50.15:160][816]LogModuleManager: Shutting down and abandoning module VREditor (214)
[2017.11.28-17.50.15:160][816]LogModuleManager: Shutting down and abandoning module StringTableEditor (212)
[2017.11.28-17.50.15:175][816]LogModuleManager: Shutting down and abandoning module GameplayTasksEditor (210)
[2017.11.28-17.50.15:175][816]LogModuleManager: Shutting down and abandoning module BehaviorTreeEditor (208)
[2017.11.28-17.50.15:232][816]LogModuleManager: Shutting down and abandoning module FunctionalTesting (206)
[2017.11.28-17.50.15:262][816]LogModuleManager: Shutting down and abandoning module CollisionAnalyzer (204)
[2017.11.28-17.50.15:272][816]LogModuleManager: Shutting down and abandoning module WorkspaceMenuStructure (203)
[2017.11.28-17.50.15:272][816]LogModuleManager: Shutting down and abandoning module UMG (200)
[2017.11.28-17.50.15:272][816]LogModuleManager: Shutting down and abandoning module UMGEditor (199)
[2017.11.28-17.50.15:366][816]LogModuleManager: Shutting down and abandoning module Sequencer (198)
[2017.11.28-17.50.15:404][816]LogModuleManager: Shutting down and abandoning module MessageLog (195)
[2017.11.28-17.50.15:405][816]LogModuleManager: Shutting down and abandoning module SlateReflector (190)
[2017.11.28-17.50.15:596][816]LogModuleManager: Shutting down and abandoning module Slate (188)
[2017.11.28-17.50.15:596][816]LogModuleManager: Shutting down and abandoning module EditorStyle (186)
[2017.11.28-17.50.15:600][816]LogModuleManager: Shutting down and abandoning module MRMesh (184)
[2017.11.28-17.50.15:600][816]LogModuleManager: Shutting down and abandoning module SourceCodeAccess (182)
[2017.11.28-17.50.15:600][816]LogModuleManager: Shutting down and abandoning module HeadMountedDisplay (180)
[2017.11.28-17.50.15:600][816]LogModuleManager: Shutting down and abandoning module XAudio2 (178)
[2017.11.28-17.50.15:600][816]LogModuleManager: Shutting down and abandoning module Networking (176)
[2017.11.28-17.50.15:600][816]LogModuleManager: Shutting down and abandoning module Core (172)
[2017.11.28-17.50.15:600][816]LogModuleManager: Shutting down and abandoning module LevelSequence (168)
[2017.11.28-17.50.15:622][816]LogModuleManager: Shutting down and abandoning module DirectoryWatcher (166)
[2017.11.28-17.50.15:632][816]LogModuleManager: Shutting down and abandoning module KismetCompiler (164)
[2017.11.28-17.50.15:633][816]LogModuleManager: Shutting down and abandoning module MeshUtilities (162)
[2017.11.28-17.50.15:654][816]LogModuleManager: Shutting down and abandoning module MeshMergeUtilities (161)
[2017.11.28-17.50.15:662][816]LogModuleManager: Shutting down and abandoning module MeshReductionInterface (160)
[2017.11.28-17.50.15:662][816]LogModuleManager: Shutting down and abandoning module SimplygonSwarm (159)
[2017.11.28-17.50.15:685][816]LogModuleManager: Shutting down and abandoning module SimplygonMeshReduction (157)
[2017.11.28-17.50.15:686][816]LogModuleManager: Shutting down and abandoning module QuadricMeshReduction (155)
[2017.11.28-17.50.15:695][816]LogModuleManager: Shutting down and abandoning module MaterialBaking (151)
[2017.11.28-17.50.15:733][816]LogModuleManager: Shutting down and abandoning module DerivedDataCache (148)
[2017.11.28-17.50.15:821][816]LogDerivedDataCache: Shutdown
[2017.11.28-17.50.15:821][816]LogModuleManager: Shutting down and abandoning module TargetPlatform (146)
[2017.11.28-17.50.15:821][816]LogModuleManager: Shutting down and abandoning module VulkanShaderFormat (145)
[2017.11.28-17.50.15:837][816]LogModuleManager: Shutting down and abandoning module ShaderFormatVectorVM (143)
[2017.11.28-17.50.15:861][816]LogModuleManager: Shutting down and abandoning module ShaderFormatOpenGL (141)
[2017.11.28-17.50.15:874][816]LogModuleManager: Shutting down and abandoning module ShaderFormatD3D (139)
[2017.11.28-17.50.15:903][816]LogModuleManager: Shutting down and abandoning module MetalShaderFormat (137)
[2017.11.28-17.50.15:941][816]LogModuleManager: Shutting down and abandoning module TextureFormatUncompressed (135)
[2017.11.28-17.50.15:941][816]LogModuleManager: Shutting down and abandoning module TextureFormatPVR (133)
[2017.11.28-17.50.15:941][816]LogModuleManager: Shutting down and abandoning module TextureFormatDXT (131)
[2017.11.28-17.50.15:941][816]LogModuleManager: Shutting down and abandoning module TextureFormatIntelISPCTexComp (129)
[2017.11.28-17.50.15:962][816]LogModuleManager: Shutting down and abandoning module TextureFormatASTC (127)
[2017.11.28-17.50.15:962][816]LogModuleManager: Shutting down and abandoning module ImageWrapper (126)
[2017.11.28-17.50.15:962][816]LogModuleManager: Shutting down and abandoning module TextureFormatAndroid (123)
[2017.11.28-17.50.15:962][816]LogModuleManager: Shutting down and abandoning module AudioFormatOpus (121)
[2017.11.28-17.50.15:962][816]LogModuleManager: Shutting down and abandoning module AudioFormatOgg (119)
[2017.11.28-17.50.15:962][816]LogModuleManager: Shutting down and abandoning module AudioFormatADPCM (117)
[2017.11.28-17.50.15:962][816]LogModuleManager: Shutting down and abandoning module LinuxTargetPlatform (115)
[2017.11.28-17.50.15:962][816]LogModuleManager: Shutting down and abandoning module LinuxServerTargetPlatform (113)
[2017.11.28-17.50.15:962][816]LogModuleManager: Shutting down and abandoning module LinuxNoEditorTargetPlatform (111)
[2017.11.28-17.50.15:962][816]LogModuleManager: Shutting down and abandoning module LinuxClientTargetPlatform (109)
[2017.11.28-17.50.15:962][816]LogModuleManager: Shutting down and abandoning module TVOSTargetPlatform (107)
[2017.11.28-17.50.15:963][816]LogModuleManager: Shutting down and abandoning module Messaging (105)
[2017.11.28-17.50.15:963][816]LogModuleManager: Shutting down and abandoning module IOSTargetPlatform (103)
[2017.11.28-17.50.15:963][816]LogModuleManager: Shutting down and abandoning module HTML5TargetPlatform (101)
[2017.11.28-17.50.15:963][816]LogModuleManager: Shutting down and abandoning module AndroidTargetPlatform (99)
[2017.11.28-17.50.15:963][816]LogModuleManager: Shutting down and abandoning module Android_PVRTCTargetPlatform (97)
[2017.11.28-17.50.15:963][816]LogModuleManager: Shutting down and abandoning module Android_MultiTargetPlatform (95)
[2017.11.28-17.50.15:963][816]LogModuleManager: Shutting down and abandoning module Android_ETC2TargetPlatform (93)
[2017.11.28-17.50.15:963][816]LogModuleManager: Shutting down and abandoning module Android_ETC1TargetPlatform (91)
[2017.11.28-17.50.15:963][816]LogModuleManager: Shutting down and abandoning module Android_DXTTargetPlatform (89)
[2017.11.28-17.50.15:963][816]LogModuleManager: Shutting down and abandoning module Android_ATCTargetPlatform (87)
[2017.11.28-17.50.15:963][816]LogModuleManager: Shutting down and abandoning module Android_ASTCTargetPlatform (85)
[2017.11.28-17.50.15:963][816]LogModuleManager: Shutting down and abandoning module WindowsTargetPlatform (83)
[2017.11.28-17.50.15:963][816]LogModuleManager: Shutting down and abandoning module WindowsServerTargetPlatform (81)
[2017.11.28-17.50.15:963][816]LogModuleManager: Shutting down and abandoning module WindowsNoEditorTargetPlatform (79)
[2017.11.28-17.50.15:963][816]LogModuleManager: Shutting down and abandoning module WindowsClientTargetPlatform (77)
[2017.11.28-17.50.15:963][816]LogModuleManager: Shutting down and abandoning module MacTargetPlatform (75)
[2017.11.28-17.50.15:963][816]LogModuleManager: Shutting down and abandoning module MacServerTargetPlatform (73)
[2017.11.28-17.50.15:963][816]LogModuleManager: Shutting down and abandoning module MacNoEditorTargetPlatform (71)
[2017.11.28-17.50.15:963][816]LogModuleManager: Shutting down and abandoning module MacClientTargetPlatform (69)
[2017.11.28-17.50.15:963][816]LogModuleManager: Shutting down and abandoning module AllDesktopTargetPlatform (67)
[2017.11.28-17.50.15:963][816]LogModuleManager: Shutting down and abandoning module InputCore (64)
[2017.11.28-17.50.15:964][816]LogModuleManager: Shutting down and abandoning module Settings (62)
[2017.11.28-17.50.15:964][816]LogModuleManager: Shutting down and abandoning module PhysXCooking (60)
[2017.11.28-17.50.15:964][816]LogModuleManager: Shutting down and abandoning module SteamVR (58)
[2017.11.28-17.50.15:964][816]LogModuleManager: Shutting down and abandoning module OculusHMD (56)
[2017.11.28-17.50.15:993][816]LogModuleManager: Shutting down and abandoning module ExampleDeviceProfileSelector (54)
[2017.11.28-17.50.15:993][816]LogModuleManager: Shutting down and abandoning module AppleARKit (52)
[2017.11.28-17.50.15:993][816]LogModuleManager: Shutting down and abandoning module AugmentedReality (51)
[2017.11.28-17.50.15:993][816]LogModuleManager: Shutting down and abandoning module OnlineBlueprintSupport (48)
[2017.11.28-17.50.15:993][816]LogModuleManager: Shutting down and abandoning module OnlineSubsystem (44)
[2017.11.28-17.50.16:020][816]LogModuleManager: Shutting down and abandoning module XMPP (43)
[2017.11.28-17.50.16:463][816]LogModuleManager: Shutting down and abandoning module HTTP (41)
[2017.11.28-17.50.16:463][816]LogHttp: Display: Http module shutting down, but needs to wait on 1 outstanding Http requests:
[2017.11.28-17.50.16:479][816]LogHttp: Display: 	verb=[POST] url=[https://datarouter.ol.epicgames.com/datarouter/api/v1/public/data?SessionID=%7BE4ED89A7-4D8C-59A9-522C-8C897BD05055%7D&AppID=UEEditor.Rocket.Release&AppVersion=4.18.1-3754814%2B%2B%2BUE4%2BRelease-4.18&UserID=9b94c48a4ccd1921eadb66a2e367a716%7Cf5c1ceb38e4843159bf96dc1c611df9e%7C00ca0ea2-5f0e-4e7d-940a-0c834724d885&AppEnvironment=datacollector-binary&UploadType=eteventstream] status=Processing
[2017.11.28-17.50.16:484][816]LogModuleManager: Shutting down and abandoning module SSL (40)
[2017.11.28-17.50.16:495][816]LogModuleManager: Shutting down and abandoning module AnimationModifiers (36)
[2017.11.28-17.50.16:512][816]LogModuleManager: Shutting down and abandoning module PropertyEditor (35)
[2017.11.28-17.50.16:513][816]LogModuleManager: Shutting down and abandoning module AudioEditor (32)
[2017.11.28-17.50.16:555][816]LogModuleManager: Shutting down and abandoning module TextureCompressor (30)
[2017.11.28-17.50.16:555][816]LogModuleManager: Shutting down and abandoning module ShaderCore (28)
[2017.11.28-17.50.16:555][816]LogModuleManager: Shutting down and abandoning module Landscape (26)
[2017.11.28-17.50.16:555][816]LogModuleManager: Shutting down and abandoning module SlateRHIRenderer (24)
[2017.11.28-17.50.16:588][816]LogModuleManager: Shutting down and abandoning module OpenGLDrv (22)
[2017.11.28-17.50.16:607][816]LogModuleManager: Shutting down and abandoning module D3D11RHI (20)
[2017.11.28-17.50.16:607][816]LogModuleManager: Shutting down and abandoning module AnimGraphRuntime (18)
[2017.11.28-17.50.16:618][816]LogModuleManager: Shutting down and abandoning module Renderer (16)
[2017.11.28-17.50.16:618][816]LogModuleManager: Shutting down and abandoning module Engine (14)
[2017.11.28-17.50.16:642][816]LogModuleManager: Shutting down and abandoning module CoreUObject (12)
[2017.11.28-17.50.16:642][816]LogModuleManager: Shutting down and abandoning module NetworkFile (10)
[2017.11.28-17.50.16:642][816]LogModuleManager: Shutting down and abandoning module CookedIterativeFile (8)
[2017.11.28-17.50.16:642][816]LogModuleManager: Shutting down and abandoning module StreamingFile (6)
[2017.11.28-17.50.16:643][816]LogModuleManager: Shutting down and abandoning module SandboxFile (4)
[2017.11.28-17.50.16:670][816]LogModuleManager: Shutting down and abandoning module PakFile (2)
[2017.11.28-17.50.16:775][816]LogExit: Exiting.
[2017.11.28-17.50.16:806][816]Log file closed, 11/28/17 10:50:16
